#
# There is insufficient memory for the Java Runtime Environment to continue.
# Native memory allocation (malloc) failed to allocate 1932656 bytes for Chunk::new
# Possible reasons:
#   The system is out of physical RAM or swap space
#   The process is running with CompressedOops enabled, and the Java Heap may be blocking the growth of the native heap
# Possible solutions:
#   Reduce memory load on the system
#   Increase physical memory or swap space
#   Check if swap backing store is full
#   Decrease Java heap size (-Xmx/-Xms)
#   Decrease number of Java threads
#   Decrease Java thread stack sizes (-Xss)
#   Set larger code cache with -XX:ReservedCodeCacheSize=
#   JVM is running with Unscaled Compressed Oops mode in which the Java heap is
#     placed in the first 4GB address space. The Java Heap base address is the
#     maximum limit for the native heap growth. Please use -XX:HeapBaseMinAddress
#     to set the Java Heap base and to place the Java Heap above 4GB virtual address.
# This output file may be truncated or incomplete.
#
#  Out of Memory Error (src/hotspot/share/memory/arena.cpp:197), pid=5972, tid=4144
#
# JRE version: OpenJDK Runtime Environment (11.0.15) (build 11.0.15+0-b2043.56-9505619)
# Java VM: OpenJDK 64-Bit Server VM (11.0.15+0-b2043.56-9505619, mixed mode, tiered, compressed oops, g1 gc, windows-amd64)
# No core dump will be written. Minidumps are not enabled by default on client versions of Windows
#

---------------  S U M M A R Y ------------

Command Line: --add-opens=java.base/java.util=ALL-UNNAMED --add-opens=java.base/java.lang=ALL-UNNAMED --add-opens=java.base/java.lang.invoke=ALL-UNNAMED --add-opens=java.base/java.util=ALL-UNNAMED --add-opens=java.prefs/java.util.prefs=ALL-UNNAMED --add-opens=java.prefs/java.util.prefs=ALL-UNNAMED --add-opens=java.base/java.nio.charset=ALL-UNNAMED --add-opens=java.base/java.net=ALL-UNNAMED --add-opens=java.base/java.util.concurrent.atomic=ALL-UNNAMED -Xmx2048m -Dfile.encoding=UTF-8 -Duser.country=IN -Duser.language=en -Duser.variant org.gradle.launcher.daemon.bootstrap.GradleDaemon 7.5

Host: Intel(R) Core(TM) i3-7020U CPU @ 2.30GHz, 4 cores, 7G,  Windows 10 , 64 bit Build 19041 (10.0.19041.2788)
Time: Mon May  8 20:23:28 2023 India Standard Time elapsed time: 6304.076843 seconds (0d 1h 45m 4s)

---------------  T H R E A D  ---------------

Current thread (0x00000256ecdbf800):  JavaThread "C2 CompilerThread0" daemon [_thread_in_native, id=4144, stack(0x000000bbd1f00000,0x000000bbd2000000)]


Current CompileTask:
C2:6304077 25650       4       com.google.common.reflect.TypeResolver::resolveType (74 bytes)

Stack: [0x000000bbd1f00000,0x000000bbd2000000]
Native frames: (J=compiled Java code, j=interpreted, Vv=VM code, C=native code)
V  [jvm.dll+0x64135a]
V  [jvm.dll+0x7d39f9]
V  [jvm.dll+0x7d51b9]
V  [jvm.dll+0x7d58a3]
V  [jvm.dll+0x2691c5]
V  [jvm.dll+0xc1a5c]
V  [jvm.dll+0xc200c]
V  [jvm.dll+0x377462]
V  [jvm.dll+0x342495]
V  [jvm.dll+0x34186a]
V  [jvm.dll+0x2214bd]
V  [jvm.dll+0x220498]
V  [jvm.dll+0x19e851]
V  [jvm.dll+0x230479]
V  [jvm.dll+0x22e5ef]
V  [jvm.dll+0x794de1]
V  [jvm.dll+0x78dc24]
V  [jvm.dll+0x6400f6]
C  [ucrtbase.dll+0x21bb2]
C  [KERNEL32.DLL+0x17604]
C  [ntdll.dll+0x526a1]


---------------  P R O C E S S  ---------------

Threads class SMR info:
_java_thread_list=0x00000256fa567370, length=88, elements={
0x00000256d3172000, 0x00000256ecd95000, 0x00000256ecda0800, 0x00000256ed722800,
0x00000256ecdb1800, 0x00000256ecdb3800, 0x00000256ecdbf800, 0x00000256ecdc3000,
0x00000256ecdc6800, 0x00000256ed85f000, 0x00000256f001f000, 0x00000256f01d2800,
0x00000256f01cf800, 0x00000256f0d7b000, 0x00000256f0d7c800, 0x00000256f0d7c000,
0x00000256f0d7d800, 0x00000256f0d7a000, 0x00000256f0d78800, 0x00000256f0d83000,
0x00000256f0d82800, 0x00000256f0d84000, 0x00000256f0d80000, 0x00000256f0d86800,
0x00000256ee7f0800, 0x00000256ee7eb000, 0x00000256f702e000, 0x00000256f702b000,
0x00000256f702f000, 0x00000256f7038000, 0x00000256f08b1000, 0x00000256f6efa800,
0x00000256f6f04000, 0x00000256f702d800, 0x00000256ee7ed800, 0x00000256ee7ee000,
0x00000256ee7ef000, 0x00000256ee7ef800, 0x00000256ee7f1800, 0x00000256ee7eb800,
0x00000256ee7f8000, 0x00000256ee7f7000, 0x00000256ee7f2000, 0x00000256ee7f8800,
0x00000256ee7f3000, 0x00000256ee7f4000, 0x00000256ee7f6000, 0x00000256ee7f5800,
0x00000256fed81800, 0x00000256fed85800, 0x00000256fed86800, 0x00000256fed81000,
0x00000256fed87800, 0x00000256fed83000, 0x00000256fed84000, 0x00000256fed88000,
0x00000256fed82800, 0x00000256fed89000, 0x00000256fed85000, 0x00000256fed8d000,
0x00000256fed8e000, 0x00000256fed8e800, 0x00000256fed8b800, 0x00000256fed8a000,
0x00000256fed8a800, 0x00000256fed8c000, 0x00000256f08a6000, 0x00000256f08a7000,
0x00000256f08a5800, 0x00000256f08a8000, 0x00000256f08a8800, 0x00000256f08a4800,
0x00000256f08a3000, 0x00000256f08a9800, 0x00000256f08a4000, 0x00000256f08af000,
0x00000256f08b0000, 0x00000256f08ac000, 0x00000256f08aa800, 0x00000256f08ab000,
0x00000256f08ae800, 0x00000256f08b1800, 0x00000256f08ac800, 0x00000256f08ad800,
0x00000256f6efd000, 0x00000256f6ef8800, 0x00000256f6ef8000, 0x00000256f6efb000
}

Java Threads: ( => current thread )
  0x00000256d3172000 JavaThread "main" [_thread_blocked, id=11560, stack(0x000000bbd1300000,0x000000bbd1400000)]
  0x00000256ecd95000 JavaThread "Reference Handler" daemon [_thread_blocked, id=8468, stack(0x000000bbd1a00000,0x000000bbd1b00000)]
  0x00000256ecda0800 JavaThread "Finalizer" daemon [_thread_blocked, id=14908, stack(0x000000bbd1b00000,0x000000bbd1c00000)]
  0x00000256ed722800 JavaThread "Signal Dispatcher" daemon [_thread_blocked, id=11964, stack(0x000000bbd1c00000,0x000000bbd1d00000)]
  0x00000256ecdb1800 JavaThread "Attach Listener" daemon [_thread_blocked, id=14764, stack(0x000000bbd1d00000,0x000000bbd1e00000)]
  0x00000256ecdb3800 JavaThread "Service Thread" daemon [_thread_blocked, id=8164, stack(0x000000bbd1e00000,0x000000bbd1f00000)]
=>0x00000256ecdbf800 JavaThread "C2 CompilerThread0" daemon [_thread_in_native, id=4144, stack(0x000000bbd1f00000,0x000000bbd2000000)]
  0x00000256ecdc3000 JavaThread "C1 CompilerThread0" daemon [_thread_in_vm, id=14840, stack(0x000000bbd2000000,0x000000bbd2100000)]
  0x00000256ecdc6800 JavaThread "Sweeper thread" daemon [_thread_blocked, id=10360, stack(0x000000bbd2100000,0x000000bbd2200000)]
  0x00000256ed85f000 JavaThread "Common-Cleaner" daemon [_thread_blocked, id=9528, stack(0x000000bbd2200000,0x000000bbd2300000)]
  0x00000256f001f000 JavaThread "Daemon health stats" [_thread_blocked, id=8848, stack(0x000000bbd2700000,0x000000bbd2800000)]
  0x00000256f01d2800 JavaThread "Incoming local TCP Connector on port 57013" [_thread_in_native, id=5904, stack(0x000000bbd2400000,0x000000bbd2500000)]
  0x00000256f01cf800 JavaThread "Daemon periodic checks" [_thread_blocked, id=15488, stack(0x000000bbd2900000,0x000000bbd2a00000)]
  0x00000256f0d7b000 JavaThread "Cache worker for journal cache (C:\Users\asus\.gradle\caches\journal-1)" [_thread_blocked, id=11440, stack(0x000000bbd3100000,0x000000bbd3200000)]
  0x00000256f0d7c800 JavaThread "File lock request listener" [_thread_in_native, id=12376, stack(0x000000bbd3200000,0x000000bbd3300000)]
  0x00000256f0d7c000 JavaThread "Cache worker for file hash cache (C:\Users\asus\.gradle\caches\7.5\fileHashes)" [_thread_blocked, id=9412, stack(0x000000bbd3300000,0x000000bbd3400000)]
  0x00000256f0d7d800 JavaThread "File watcher server" daemon [_thread_in_native, id=3328, stack(0x000000bbd3500000,0x000000bbd3600000)]
  0x00000256f0d7a000 JavaThread "File watcher consumer" daemon [_thread_blocked, id=2248, stack(0x000000bbd3600000,0x000000bbd3700000)]
  0x00000256f0d78800 JavaThread "Cache worker for file content cache (C:\Users\asus\.gradle\caches\7.5\fileContent)" [_thread_blocked, id=10964, stack(0x000000bbd3900000,0x000000bbd3a00000)]
  0x00000256f0d83000 JavaThread "Cache worker for execution history cache (C:\Users\asus\.gradle\caches\7.5\executionHistory)" [_thread_blocked, id=4572, stack(0x000000bbd3c00000,0x000000bbd3d00000)]
  0x00000256f0d82800 JavaThread "jar transforms" [_thread_blocked, id=12812, stack(0x000000bbd3400000,0x000000bbd3500000)]
  0x00000256f0d84000 JavaThread "jar transforms Thread 2" [_thread_blocked, id=13748, stack(0x000000bbd3e00000,0x000000bbd3f00000)]
  0x00000256f0d80000 JavaThread "jar transforms Thread 3" [_thread_blocked, id=5064, stack(0x000000bbd3f00000,0x000000bbd4000000)]
  0x00000256f0d86800 JavaThread "jar transforms Thread 4" [_thread_blocked, id=2292, stack(0x000000bbd4000000,0x000000bbd4100000)]
  0x00000256ee7f0800 JavaThread "Memory manager" [_thread_blocked, id=13068, stack(0x000000bbd6d00000,0x000000bbd6e00000)]
  0x00000256ee7eb000 JavaThread "pool-3-thread-1" [_thread_blocked, id=13868, stack(0x000000bbd7000000,0x000000bbd7100000)]
  0x00000256f702e000 JavaThread "RMI Scheduler(0)" daemon [_thread_blocked, id=10084, stack(0x000000bbd1100000,0x000000bbd1200000)]
  0x00000256f702b000 JavaThread "RMI TCP Accept-0" daemon [_thread_in_native, id=7760, stack(0x000000bbd7f00000,0x000000bbd8000000)]
  0x00000256f702f000 JavaThread "Cache worker for Java compile cache (C:\Users\asus\.gradle\caches\7.5\javaCompile)" [_thread_blocked, id=1584, stack(0x000000bbd1200000,0x000000bbd1300000)]
  0x00000256f7038000 JavaThread "ForkJoinPool.commonPool-worker-3" daemon [_thread_blocked, id=2900, stack(0x000000bbd8500000,0x000000bbd8600000)]
  0x00000256f08b1000 JavaThread "pool-8-thread-1" [_thread_blocked, id=8844, stack(0x000000bbd6b00000,0x000000bbd6c00000)]
  0x00000256f6efa800 JavaThread "RMI GC Daemon" daemon [_thread_blocked, id=10564, stack(0x000000bbd7a00000,0x000000bbd7b00000)]
  0x00000256f6f04000 JavaThread "RMI Reaper" [_thread_blocked, id=9068, stack(0x000000bbd7b00000,0x000000bbd7c00000)]
  0x00000256f702d800 JavaThread "pool-13-thread-1" [_thread_blocked, id=9156, stack(0x000000bbd6a00000,0x000000bbd6b00000)]
  0x00000256ee7ed800 JavaThread "Daemon Thread 3" [_thread_blocked, id=8896, stack(0x000000bbd1000000,0x000000bbd1100000)]
  0x00000256ee7ee000 JavaThread "Handler for socket connection from /127.0.0.1:57013 to /127.0.0.1:58469" [_thread_in_native, id=3316, stack(0x000000bbd2a00000,0x000000bbd2b00000)]
  0x00000256ee7ef000 JavaThread "Cancel handler" [_thread_blocked, id=13176, stack(0x000000bbd2b00000,0x000000bbd2c00000)]
  0x00000256ee7ef800 JavaThread "Daemon worker Thread 3" [_thread_in_Java, id=13596, stack(0x000000bbd2c00000,0x000000bbd2d00000)]
  0x00000256ee7f1800 JavaThread "Asynchronous log dispatcher for DefaultDaemonConnection: socket connection from /127.0.0.1:57013 to /127.0.0.1:58469" [_thread_blocked, id=13180, stack(0x000000bbd2d00000,0x000000bbd2e00000)]
  0x00000256ee7eb800 JavaThread "Stdin handler" [_thread_blocked, id=15352, stack(0x000000bbd2e00000,0x000000bbd2f00000)]
  0x00000256ee7f8000 JavaThread "Daemon client event forwarder" [_thread_blocked, id=8044, stack(0x000000bbd2f00000,0x000000bbd3000000)]
  0x00000256ee7f7000 JavaThread "Cache worker for checksums cache (D:\MessageMe\.gradle\7.5\checksums)" [_thread_blocked, id=14388, stack(0x000000bbd3000000,0x000000bbd3100000)]
  0x00000256ee7f2000 JavaThread "Cache worker for cache directory md-rule (C:\Users\asus\.gradle\caches\7.5\md-rule)" [_thread_blocked, id=15492, stack(0x000000bbd3700000,0x000000bbd3800000)]
  0x00000256ee7f8800 JavaThread "Cache worker for file hash cache (D:\MessageMe\.gradle\7.5\fileHashes)" [_thread_blocked, id=5948, stack(0x000000bbd3800000,0x000000bbd3900000)]
  0x00000256ee7f3000 JavaThread "Cache worker for cache directory md-supplier (C:\Users\asus\.gradle\caches\7.5\md-supplier)" [_thread_blocked, id=11064, stack(0x000000bbd3a00000,0x000000bbd3b00000)]
  0x00000256ee7f4000 JavaThread "Cache worker for dependencies-accessors (D:\MessageMe\.gradle\7.5\dependencies-accessors)" [_thread_blocked, id=13424, stack(0x000000bbd3b00000,0x000000bbd3c00000)]
  0x00000256ee7f6000 JavaThread "Cache worker for Build Output Cleanup Cache (D:\MessageMe\.gradle\buildOutputCleanup)" [_thread_blocked, id=15596, stack(0x000000bbd3d00000,0x000000bbd3e00000)]
  0x00000256ee7f5800 JavaThread "Unconstrained build operations" [_thread_blocked, id=12380, stack(0x000000bbd4100000,0x000000bbd4200000)]
  0x00000256fed81800 JavaThread "Unconstrained build operations Thread 2" [_thread_blocked, id=14132, stack(0x000000bbd4200000,0x000000bbd4300000)]
  0x00000256fed85800 JavaThread "Unconstrained build operations Thread 3" [_thread_blocked, id=7164, stack(0x000000bbd4300000,0x000000bbd4400000)]
  0x00000256fed86800 JavaThread "Unconstrained build operations Thread 4" [_thread_blocked, id=8576, stack(0x000000bbd4400000,0x000000bbd4500000)]
  0x00000256fed81000 JavaThread "Unconstrained build operations Thread 5" [_thread_blocked, id=7956, stack(0x000000bbd4500000,0x000000bbd4600000)]
  0x00000256fed87800 JavaThread "Unconstrained build operations Thread 6" [_thread_blocked, id=2824, stack(0x000000bbd4600000,0x000000bbd4700000)]
  0x00000256fed83000 JavaThread "Unconstrained build operations Thread 7" [_thread_blocked, id=16292, stack(0x000000bbd4700000,0x000000bbd4800000)]
  0x00000256fed84000 JavaThread "Unconstrained build operations Thread 8" [_thread_blocked, id=4552, stack(0x000000bbd4800000,0x000000bbd4900000)]
  0x00000256fed88000 JavaThread "Unconstrained build operations Thread 9" [_thread_blocked, id=856, stack(0x000000bbd4900000,0x000000bbd4a00000)]
  0x00000256fed82800 JavaThread "Unconstrained build operations Thread 10" [_thread_blocked, id=124, stack(0x000000bbd4a00000,0x000000bbd4b00000)]
  0x00000256fed89000 JavaThread "Unconstrained build operations Thread 11" [_thread_blocked, id=11652, stack(0x000000bbd4b00000,0x000000bbd4c00000)]
  0x00000256fed85000 JavaThread "Unconstrained build operations Thread 12" [_thread_blocked, id=2772, stack(0x000000bbd4c00000,0x000000bbd4d00000)]
  0x00000256fed8d000 JavaThread "Unconstrained build operations Thread 13" [_thread_blocked, id=8940, stack(0x000000bbd4d00000,0x000000bbd4e00000)]
  0x00000256fed8e000 JavaThread "Unconstrained build operations Thread 14" [_thread_blocked, id=12732, stack(0x000000bbd4e00000,0x000000bbd4f00000)]
  0x00000256fed8e800 JavaThread "Unconstrained build operations Thread 15" [_thread_blocked, id=10248, stack(0x000000bbd4f00000,0x000000bbd5000000)]
  0x00000256fed8b800 JavaThread "Unconstrained build operations Thread 16" [_thread_blocked, id=14124, stack(0x000000bbd5000000,0x000000bbd5100000)]
  0x00000256fed8a000 JavaThread "Unconstrained build operations Thread 17" [_thread_blocked, id=10120, stack(0x000000bbd5100000,0x000000bbd5200000)]
  0x00000256fed8a800 JavaThread "Unconstrained build operations Thread 18" [_thread_blocked, id=10344, stack(0x000000bbd5200000,0x000000bbd5300000)]
  0x00000256fed8c000 JavaThread "Unconstrained build operations Thread 19" [_thread_blocked, id=6572, stack(0x000000bbd5300000,0x000000bbd5400000)]
  0x00000256f08a6000 JavaThread "Unconstrained build operations Thread 20" [_thread_blocked, id=1044, stack(0x000000bbd5400000,0x000000bbd5500000)]
  0x00000256f08a7000 JavaThread "Unconstrained build operations Thread 21" [_thread_blocked, id=3300, stack(0x000000bbd5500000,0x000000bbd5600000)]
  0x00000256f08a5800 JavaThread "Unconstrained build operations Thread 22" [_thread_blocked, id=9388, stack(0x000000bbd5600000,0x000000bbd5700000)]
  0x00000256f08a8000 JavaThread "Unconstrained build operations Thread 23" [_thread_blocked, id=10220, stack(0x000000bbd5700000,0x000000bbd5800000)]
  0x00000256f08a8800 JavaThread "Unconstrained build operations Thread 24" [_thread_blocked, id=10128, stack(0x000000bbd5800000,0x000000bbd5900000)]
  0x00000256f08a4800 JavaThread "Unconstrained build operations Thread 25" [_thread_blocked, id=11920, stack(0x000000bbd5900000,0x000000bbd5a00000)]
  0x00000256f08a3000 JavaThread "Unconstrained build operations Thread 26" [_thread_blocked, id=4448, stack(0x000000bbd5a00000,0x000000bbd5b00000)]
  0x00000256f08a9800 JavaThread "Unconstrained build operations Thread 27" [_thread_blocked, id=7932, stack(0x000000bbd5b00000,0x000000bbd5c00000)]
  0x00000256f08a4000 JavaThread "Unconstrained build operations Thread 28" [_thread_blocked, id=2160, stack(0x000000bbd5c00000,0x000000bbd5d00000)]
  0x00000256f08af000 JavaThread "Unconstrained build operations Thread 29" [_thread_blocked, id=15572, stack(0x000000bbd5d00000,0x000000bbd5e00000)]
  0x00000256f08b0000 JavaThread "Unconstrained build operations Thread 30" [_thread_blocked, id=10724, stack(0x000000bbd5e00000,0x000000bbd5f00000)]
  0x00000256f08ac000 JavaThread "Unconstrained build operations Thread 31" [_thread_blocked, id=8452, stack(0x000000bbd5f00000,0x000000bbd6000000)]
  0x00000256f08aa800 JavaThread "Unconstrained build operations Thread 32" [_thread_blocked, id=1876, stack(0x000000bbd6000000,0x000000bbd6100000)]
  0x00000256f08ab000 JavaThread "Unconstrained build operations Thread 33" [_thread_blocked, id=2552, stack(0x000000bbd6100000,0x000000bbd6200000)]
  0x00000256f08ae800 JavaThread "Unconstrained build operations Thread 34" [_thread_blocked, id=14112, stack(0x000000bbd6200000,0x000000bbd6300000)]
  0x00000256f08b1800 JavaThread "Unconstrained build operations Thread 35" [_thread_blocked, id=10804, stack(0x000000bbd6300000,0x000000bbd6400000)]
  0x00000256f08ac800 JavaThread "Unconstrained build operations Thread 36" [_thread_blocked, id=8916, stack(0x000000bbd6400000,0x000000bbd6500000)]
  0x00000256f08ad800 JavaThread "Unconstrained build operations Thread 37" [_thread_blocked, id=9828, stack(0x000000bbd6500000,0x000000bbd6600000)]
  0x00000256f6efd000 JavaThread "Unconstrained build operations Thread 38" [_thread_blocked, id=16020, stack(0x000000bbd6600000,0x000000bbd6700000)]
  0x00000256f6ef8800 JavaThread "Unconstrained build operations Thread 39" [_thread_blocked, id=12328, stack(0x000000bbd6700000,0x000000bbd6800000)]
  0x00000256f6ef8000 JavaThread "Unconstrained build operations Thread 40" [_thread_blocked, id=2312, stack(0x000000bbd6800000,0x000000bbd6900000)]
  0x00000256f6efb000 JavaThread "build event listener" [_thread_blocked, id=9464, stack(0x000000bbd6900000,0x000000bbd6a00000)]

Other Threads:
  0x00000256ecd93000 VMThread "VM Thread" [stack: 0x000000bbd1900000,0x000000bbd1a00000] [id=11436]
  0x00000256ed864000 WatcherThread [stack: 0x000000bbd2300000,0x000000bbd2400000] [id=16276]
  0x00000256d318a800 GCTaskThread "GC Thread#0" [stack: 0x000000bbd1400000,0x000000bbd1500000] [id=1020]
  0x00000256ee03d800 GCTaskThread "GC Thread#1" [stack: 0x000000bbd2500000,0x000000bbd2600000] [id=8988]
  0x00000256edf4f000 GCTaskThread "GC Thread#2" [stack: 0x000000bbd2600000,0x000000bbd2700000] [id=14636]
  0x00000256f0afa800 GCTaskThread "GC Thread#3" [stack: 0x000000bbd2800000,0x000000bbd2900000] [id=13680]
  0x00000256d31bd000 ConcurrentGCThread "G1 Main Marker" [stack: 0x000000bbd1500000,0x000000bbd1600000] [id=14444]
  0x00000256d31be000 ConcurrentGCThread "G1 Conc#0" [stack: 0x000000bbd1600000,0x000000bbd1700000] [id=13332]
  0x00000256d324d800 ConcurrentGCThread "G1 Refine#0" [stack: 0x000000bbd1700000,0x000000bbd1800000] [id=11360]
  0x00000256d324e800 ConcurrentGCThread "G1 Young RemSet Sampling" [stack: 0x000000bbd1800000,0x000000bbd1900000] [id=11856]

Threads with active compile tasks:
C2 CompilerThread0  6304188 25650       4       com.google.common.reflect.TypeResolver::resolveType (74 bytes)
C1 CompilerThread0  6304188 25674       3       org.jetbrains.kotlin.gradle.plugin.PropertiesProvider::getExperimentalKpmModelMapping (20 bytes)

VM state:not at safepoint (normal execution)

VM Mutex/Monitor currently owned by a thread: None

Heap address: 0x0000000080000000, size: 2048 MB, Compressed Oops mode: 32-bit
Narrow klass base: 0x0000000000000000, Narrow klass shift: 3
Compressed class space size: 1073741824 Address: 0x0000000100000000

Heap:
 garbage-first heap   total 233472K, used 219195K [0x0000000080000000, 0x0000000100000000)
  region size 1024K, 40 young (40960K), 3 survivors (3072K)
 Metaspace       used 150205K, capacity 154199K, committed 156112K, reserved 1185792K
  class space    used 18558K, capacity 20009K, committed 20812K, reserved 1048576K
Heap Regions: E=young(eden), S=young(survivor), O=old, HS=humongous(starts), HC=humongous(continues), CS=collection set, F=free, A=archive, TAMS=top-at-mark-start (previous, next)
|   0|0x0000000080000000, 0x0000000080100000, 0x0000000080100000|100%|HS|  |TAMS 0x0000000080100000, 0x0000000080000000| Complete 
|   1|0x0000000080100000, 0x0000000080200000, 0x0000000080200000|100%|HC|  |TAMS 0x0000000080200000, 0x0000000080100000| Complete 
|   2|0x0000000080200000, 0x0000000080300000, 0x0000000080300000|100%|HC|  |TAMS 0x0000000080300000, 0x0000000080200000| Complete 
|   3|0x0000000080300000, 0x0000000080400000, 0x0000000080400000|100%| O|  |TAMS 0x0000000080400000, 0x0000000080300000| Untracked 
|   4|0x0000000080400000, 0x0000000080500000, 0x0000000080500000|100%| O|  |TAMS 0x0000000080500000, 0x0000000080400000| Untracked 
|   5|0x0000000080500000, 0x0000000080600000, 0x0000000080600000|100%| O|  |TAMS 0x0000000080600000, 0x0000000080500000| Untracked 
|   6|0x0000000080600000, 0x0000000080700000, 0x0000000080700000|100%| O|  |TAMS 0x0000000080700000, 0x0000000080600000| Complete 
|   7|0x0000000080700000, 0x0000000080800000, 0x0000000080800000|100%| O|  |TAMS 0x0000000080800000, 0x0000000080700000| Untracked 
|   8|0x0000000080800000, 0x0000000080900000, 0x0000000080900000|100%| O|  |TAMS 0x0000000080900000, 0x0000000080800000| Untracked 
|   9|0x0000000080900000, 0x0000000080a00000, 0x0000000080a00000|100%| O|  |TAMS 0x0000000080a00000, 0x0000000080900000| Complete 
|  10|0x0000000080a00000, 0x0000000080b00000, 0x0000000080b00000|100%| O|  |TAMS 0x0000000080b00000, 0x0000000080a00000| Complete 
|  11|0x0000000080b00000, 0x0000000080c00000, 0x0000000080c00000|100%| O|  |TAMS 0x0000000080c00000, 0x0000000080b00000| Untracked 
|  12|0x0000000080c00000, 0x0000000080d00000, 0x0000000080d00000|100%| O|  |TAMS 0x0000000080d00000, 0x0000000080c00000| Untracked 
|  13|0x0000000080d00000, 0x0000000080e00000, 0x0000000080e00000|100%| O|  |TAMS 0x0000000080e00000, 0x0000000080d00000| Untracked 
|  14|0x0000000080e00000, 0x0000000080f00000, 0x0000000080f00000|100%| O|  |TAMS 0x0000000080f00000, 0x0000000080e00000| Complete 
|  15|0x0000000080f00000, 0x0000000081000000, 0x0000000081000000|100%| O|  |TAMS 0x0000000081000000, 0x0000000080f00000| Complete 
|  16|0x0000000081000000, 0x0000000081100000, 0x0000000081100000|100%| O|  |TAMS 0x0000000081100000, 0x0000000081000000| Complete 
|  17|0x0000000081100000, 0x0000000081200000, 0x0000000081200000|100%| O|  |TAMS 0x0000000081200000, 0x0000000081100000| Complete 
|  18|0x0000000081200000, 0x0000000081300000, 0x0000000081300000|100%| O|  |TAMS 0x0000000081300000, 0x0000000081200000| Complete 
|  19|0x0000000081300000, 0x0000000081400000, 0x0000000081400000|100%| O|  |TAMS 0x0000000081400000, 0x0000000081300000| Complete 
|  20|0x0000000081400000, 0x0000000081500000, 0x0000000081500000|100%| O|  |TAMS 0x0000000081500000, 0x0000000081400000| Complete 
|  21|0x0000000081500000, 0x0000000081600000, 0x0000000081600000|100%| O|  |TAMS 0x0000000081600000, 0x0000000081500000| Complete 
|  22|0x0000000081600000, 0x0000000081700000, 0x0000000081700000|100%| O|  |TAMS 0x0000000081700000, 0x0000000081600000| Complete 
|  23|0x0000000081700000, 0x0000000081800000, 0x0000000081800000|100%| O|  |TAMS 0x0000000081800000, 0x0000000081700000| Complete 
|  24|0x0000000081800000, 0x0000000081900000, 0x0000000081900000|100%| O|  |TAMS 0x0000000081900000, 0x0000000081800000| Complete 
|  25|0x0000000081900000, 0x0000000081a00000, 0x0000000081a00000|100%| O|  |TAMS 0x0000000081a00000, 0x0000000081900000| Untracked 
|  26|0x0000000081a00000, 0x0000000081b00000, 0x0000000081b00000|100%| O|  |TAMS 0x0000000081b00000, 0x0000000081a00000| Untracked 
|  27|0x0000000081b00000, 0x0000000081c00000, 0x0000000081c00000|100%|HS|  |TAMS 0x0000000081b00000, 0x0000000081b00000| Complete 
|  28|0x0000000081c00000, 0x0000000081d00000, 0x0000000081d00000|100%|HS|  |TAMS 0x0000000081d00000, 0x0000000081c00000| Complete 
|  29|0x0000000081d00000, 0x0000000081e00000, 0x0000000081e00000|100%|HS|  |TAMS 0x0000000081e00000, 0x0000000081d00000| Complete 
|  30|0x0000000081e00000, 0x0000000081f00000, 0x0000000081f00000|100%|HS|  |TAMS 0x0000000081f00000, 0x0000000081e00000| Complete 
|  31|0x0000000081f00000, 0x0000000082000000, 0x0000000082000000|100%|HC|  |TAMS 0x0000000082000000, 0x0000000081f00000| Complete 
|  32|0x0000000082000000, 0x0000000082100000, 0x0000000082100000|100%|HS|  |TAMS 0x0000000082100000, 0x0000000082000000| Complete 
|  33|0x0000000082100000, 0x0000000082200000, 0x0000000082200000|100%|HC|  |TAMS 0x0000000082200000, 0x0000000082100000| Complete 
|  34|0x0000000082200000, 0x0000000082300000, 0x0000000082300000|100%|HC|  |TAMS 0x0000000082300000, 0x0000000082200000| Complete 
|  35|0x0000000082300000, 0x0000000082400000, 0x0000000082400000|100%|HC|  |TAMS 0x0000000082400000, 0x0000000082300000| Complete 
|  36|0x0000000082400000, 0x0000000082500000, 0x0000000082500000|100%| O|  |TAMS 0x0000000082500000, 0x0000000082400000| Complete 
|  37|0x0000000082500000, 0x0000000082600000, 0x0000000082600000|100%| O|  |TAMS 0x0000000082600000, 0x0000000082500000| Complete 
|  38|0x0000000082600000, 0x0000000082700000, 0x0000000082700000|100%|HS|  |TAMS 0x0000000082600000, 0x0000000082600000| Complete 
|  39|0x0000000082700000, 0x0000000082800000, 0x0000000082800000|100%| O|  |TAMS 0x0000000082800000, 0x0000000082700000| Complete 
|  40|0x0000000082800000, 0x0000000082900000, 0x0000000082900000|100%| O|  |TAMS 0x0000000082900000, 0x0000000082800000| Complete 
|  41|0x0000000082900000, 0x0000000082a00000, 0x0000000082a00000|100%| O|  |TAMS 0x0000000082a00000, 0x0000000082900000| Complete 
|  42|0x0000000082a00000, 0x0000000082b00000, 0x0000000082b00000|100%| O|  |TAMS 0x0000000082b00000, 0x0000000082a00000| Complete 
|  43|0x0000000082b00000, 0x0000000082c00000, 0x0000000082c00000|100%| O|  |TAMS 0x0000000082c00000, 0x0000000082b00000| Untracked 
|  44|0x0000000082c00000, 0x0000000082d00000, 0x0000000082d00000|100%|HS|  |TAMS 0x0000000082c00000, 0x0000000082c00000| Complete 
|  45|0x0000000082d00000, 0x0000000082e00000, 0x0000000082e00000|100%| O|  |TAMS 0x0000000082e00000, 0x0000000082d00000| Complete 
|  46|0x0000000082e00000, 0x0000000082f00000, 0x0000000082f00000|100%| O|  |TAMS 0x0000000082f00000, 0x0000000082e00000| Complete 
|  47|0x0000000082f00000, 0x0000000083000000, 0x0000000083000000|100%| O|  |TAMS 0x0000000083000000, 0x0000000082f00000| Untracked 
|  48|0x0000000083000000, 0x0000000083100000, 0x0000000083100000|100%| O|  |TAMS 0x0000000083100000, 0x0000000083000000| Complete 
|  49|0x0000000083100000, 0x0000000083200000, 0x0000000083200000|100%| O|  |TAMS 0x0000000083200000, 0x0000000083100000| Complete 
|  50|0x0000000083200000, 0x0000000083200000, 0x0000000083300000|  0%| F|  |TAMS 0x0000000083200000, 0x0000000083200000| Untracked 
|  51|0x0000000083300000, 0x0000000083400000, 0x0000000083400000|100%| O|  |TAMS 0x0000000083400000, 0x0000000083300000| Untracked 
|  52|0x0000000083400000, 0x0000000083500000, 0x0000000083500000|100%| O|  |TAMS 0x0000000083500000, 0x0000000083400000| Untracked 
|  53|0x0000000083500000, 0x0000000083600000, 0x0000000083600000|100%| O|  |TAMS 0x0000000083600000, 0x0000000083500000| Complete 
|  54|0x0000000083600000, 0x0000000083700000, 0x0000000083700000|100%| O|  |TAMS 0x0000000083700000, 0x0000000083600000| Untracked 
|  55|0x0000000083700000, 0x0000000083800000, 0x0000000083800000|100%| O|  |TAMS 0x0000000083800000, 0x0000000083700000| Untracked 
|  56|0x0000000083800000, 0x0000000083900000, 0x0000000083900000|100%| O|  |TAMS 0x0000000083900000, 0x0000000083800000| Untracked 
|  57|0x0000000083900000, 0x0000000083a00000, 0x0000000083a00000|100%| O|  |TAMS 0x0000000083a00000, 0x0000000083900000| Complete 
|  58|0x0000000083a00000, 0x0000000083b00000, 0x0000000083b00000|100%| O|  |TAMS 0x0000000083b00000, 0x0000000083a00000| Untracked 
|  59|0x0000000083b00000, 0x0000000083b00000, 0x0000000083c00000|  0%| F|  |TAMS 0x0000000083b00000, 0x0000000083b00000| Untracked 
|  60|0x0000000083c00000, 0x0000000083d00000, 0x0000000083d00000|100%| O|  |TAMS 0x0000000083d00000, 0x0000000083c00000| Complete 
|  61|0x0000000083d00000, 0x0000000083d00000, 0x0000000083e00000|  0%| F|  |TAMS 0x0000000083d00000, 0x0000000083d00000| Untracked 
|  62|0x0000000083e00000, 0x0000000083f00000, 0x0000000083f00000|100%| O|  |TAMS 0x0000000083f00000, 0x0000000083e00000| Untracked 
|  63|0x0000000083f00000, 0x0000000084000000, 0x0000000084000000|100%| O|  |TAMS 0x0000000084000000, 0x0000000083f00000| Complete 
|  64|0x0000000084000000, 0x0000000084100000, 0x0000000084100000|100%| O|  |TAMS 0x0000000084100000, 0x0000000084000000| Complete 
|  65|0x0000000084100000, 0x0000000084100000, 0x0000000084200000|  0%| F|  |TAMS 0x0000000084100000, 0x0000000084100000| Untracked 
|  66|0x0000000084200000, 0x0000000084300000, 0x0000000084300000|100%| O|  |TAMS 0x0000000084300000, 0x0000000084200000| Untracked 
|  67|0x0000000084300000, 0x0000000084400000, 0x0000000084400000|100%| O|  |TAMS 0x0000000084400000, 0x0000000084300000| Complete 
|  68|0x0000000084400000, 0x0000000084500000, 0x0000000084500000|100%| O|  |TAMS 0x0000000084500000, 0x0000000084400000| Complete 
|  69|0x0000000084500000, 0x0000000084600000, 0x0000000084600000|100%| O|  |TAMS 0x0000000084600000, 0x0000000084500000| Complete 
|  70|0x0000000084600000, 0x0000000084700000, 0x0000000084700000|100%|HS|  |TAMS 0x0000000084600000, 0x0000000084600000| Complete 
|  71|0x0000000084700000, 0x0000000084800000, 0x0000000084800000|100%|HC|  |TAMS 0x0000000084700000, 0x0000000084700000| Complete 
|  72|0x0000000084800000, 0x0000000084900000, 0x0000000084900000|100%| O|  |TAMS 0x0000000084900000, 0x0000000084800000| Untracked 
|  73|0x0000000084900000, 0x0000000084a00000, 0x0000000084a00000|100%| O|  |TAMS 0x0000000084a00000, 0x0000000084900000| Untracked 
|  74|0x0000000084a00000, 0x0000000084b00000, 0x0000000084b00000|100%| O|  |TAMS 0x0000000084b00000, 0x0000000084a00000| Complete 
|  75|0x0000000084b00000, 0x0000000084c00000, 0x0000000084c00000|100%| O|  |TAMS 0x0000000084c00000, 0x0000000084b00000| Complete 
|  76|0x0000000084c00000, 0x0000000084c00000, 0x0000000084d00000|  0%| F|  |TAMS 0x0000000084c00000, 0x0000000084c00000| Untracked 
|  77|0x0000000084d00000, 0x0000000084e00000, 0x0000000084e00000|100%| O|  |TAMS 0x0000000084e00000, 0x0000000084d00000| Untracked 
|  78|0x0000000084e00000, 0x0000000084f00000, 0x0000000084f00000|100%| O|  |TAMS 0x0000000084f00000, 0x0000000084e00000| Untracked 
|  79|0x0000000084f00000, 0x0000000085000000, 0x0000000085000000|100%| O|  |TAMS 0x0000000085000000, 0x0000000084f00000| Untracked 
|  80|0x0000000085000000, 0x0000000085100000, 0x0000000085100000|100%| O|  |TAMS 0x0000000085100000, 0x0000000085000000| Complete 
|  81|0x0000000085100000, 0x0000000085100000, 0x0000000085200000|  0%| F|  |TAMS 0x0000000085100000, 0x0000000085100000| Untracked 
|  82|0x0000000085200000, 0x0000000085300000, 0x0000000085300000|100%| O|  |TAMS 0x0000000085300000, 0x0000000085200000| Complete 
|  83|0x0000000085300000, 0x0000000085400000, 0x0000000085400000|100%| O|  |TAMS 0x0000000085400000, 0x0000000085300000| Complete 
|  84|0x0000000085400000, 0x0000000085500000, 0x0000000085500000|100%| O|  |TAMS 0x0000000085500000, 0x0000000085400000| Untracked 
|  85|0x0000000085500000, 0x0000000085600000, 0x0000000085600000|100%| O|  |TAMS 0x0000000085600000, 0x0000000085500000| Complete 
|  86|0x0000000085600000, 0x0000000085700000, 0x0000000085700000|100%| O|  |TAMS 0x0000000085700000, 0x0000000085600000| Untracked 
|  87|0x0000000085700000, 0x0000000085800000, 0x0000000085800000|100%| O|  |TAMS 0x0000000085800000, 0x0000000085700000| Untracked 
|  88|0x0000000085800000, 0x0000000085900000, 0x0000000085900000|100%| O|  |TAMS 0x0000000085900000, 0x0000000085800000| Untracked 
|  89|0x0000000085900000, 0x0000000085a00000, 0x0000000085a00000|100%| O|  |TAMS 0x0000000085a00000, 0x0000000085900000| Untracked 
|  90|0x0000000085a00000, 0x0000000085b00000, 0x0000000085b00000|100%| O|  |TAMS 0x0000000085b00000, 0x0000000085a00000| Complete 
|  91|0x0000000085b00000, 0x0000000085c00000, 0x0000000085c00000|100%| O|  |TAMS 0x0000000085c00000, 0x0000000085b00000| Untracked 
|  92|0x0000000085c00000, 0x0000000085d00000, 0x0000000085d00000|100%| O|  |TAMS 0x0000000085d00000, 0x0000000085c00000| Complete 
|  93|0x0000000085d00000, 0x0000000085e00000, 0x0000000085e00000|100%| O|  |TAMS 0x0000000085e00000, 0x0000000085d00000| Untracked 
|  94|0x0000000085e00000, 0x0000000085f00000, 0x0000000085f00000|100%| O|  |TAMS 0x0000000085f00000, 0x0000000085e00000| Complete 
|  95|0x0000000085f00000, 0x0000000086000000, 0x0000000086000000|100%|HS|  |TAMS 0x0000000085f00000, 0x0000000085f00000| Complete 
|  96|0x0000000086000000, 0x0000000086100000, 0x0000000086100000|100%|HC|  |TAMS 0x0000000086000000, 0x0000000086000000| Complete 
|  97|0x0000000086100000, 0x0000000086200000, 0x0000000086200000|100%| O|  |TAMS 0x0000000086200000, 0x0000000086100000| Complete 
|  98|0x0000000086200000, 0x0000000086300000, 0x0000000086300000|100%| O|  |TAMS 0x0000000086300000, 0x0000000086200000| Untracked 
|  99|0x0000000086300000, 0x0000000086400000, 0x0000000086400000|100%| O|  |TAMS 0x0000000086400000, 0x0000000086300000| Untracked 
| 100|0x0000000086400000, 0x0000000086500000, 0x0000000086500000|100%| O|  |TAMS 0x0000000086500000, 0x0000000086400000| Complete 
| 101|0x0000000086500000, 0x0000000086600000, 0x0000000086600000|100%| O|  |TAMS 0x0000000086600000, 0x0000000086500000| Untracked 
| 102|0x0000000086600000, 0x0000000086700000, 0x0000000086700000|100%| O|  |TAMS 0x0000000086700000, 0x0000000086600000| Complete 
| 103|0x0000000086700000, 0x0000000086800000, 0x0000000086800000|100%| O|  |TAMS 0x0000000086800000, 0x0000000086700000| Untracked 
| 104|0x0000000086800000, 0x0000000086900000, 0x0000000086900000|100%| O|  |TAMS 0x0000000086900000, 0x0000000086800000| Untracked 
| 105|0x0000000086900000, 0x0000000086a00000, 0x0000000086a00000|100%| O|  |TAMS 0x0000000086a00000, 0x0000000086900000| Untracked 
| 106|0x0000000086a00000, 0x0000000086a00000, 0x0000000086b00000|  0%| F|  |TAMS 0x0000000086a00000, 0x0000000086a00000| Untracked 
| 107|0x0000000086b00000, 0x0000000086c00000, 0x0000000086c00000|100%| O|  |TAMS 0x0000000086c00000, 0x0000000086b00000| Untracked 
| 108|0x0000000086c00000, 0x0000000086d00000, 0x0000000086d00000|100%| O|  |TAMS 0x0000000086d00000, 0x0000000086c00000| Untracked 
| 109|0x0000000086d00000, 0x0000000086e00000, 0x0000000086e00000|100%| O|  |TAMS 0x0000000086e00000, 0x0000000086d00000| Untracked 
| 110|0x0000000086e00000, 0x0000000086f00000, 0x0000000086f00000|100%| O|  |TAMS 0x0000000086f00000, 0x0000000086e00000| Untracked 
| 111|0x0000000086f00000, 0x0000000087000000, 0x0000000087000000|100%| O|  |TAMS 0x0000000087000000, 0x0000000086f00000| Untracked 
| 112|0x0000000087000000, 0x0000000087100000, 0x0000000087100000|100%| O|  |TAMS 0x0000000087100000, 0x0000000087000000| Complete 
| 113|0x0000000087100000, 0x0000000087200000, 0x0000000087200000|100%| O|  |TAMS 0x0000000087200000, 0x0000000087100000| Complete 
| 114|0x0000000087200000, 0x0000000087300000, 0x0000000087300000|100%| O|  |TAMS 0x0000000087300000, 0x0000000087200000| Untracked 
| 115|0x0000000087300000, 0x0000000087400000, 0x0000000087400000|100%| O|  |TAMS 0x0000000087400000, 0x0000000087300000| Untracked 
| 116|0x0000000087400000, 0x0000000087500000, 0x0000000087500000|100%| O|  |TAMS 0x0000000087500000, 0x0000000087400000| Complete 
| 117|0x0000000087500000, 0x0000000087600000, 0x0000000087600000|100%| O|  |TAMS 0x0000000087600000, 0x0000000087500000| Complete 
| 118|0x0000000087600000, 0x0000000087700000, 0x0000000087700000|100%| O|  |TAMS 0x0000000087700000, 0x0000000087600000| Complete 
| 119|0x0000000087700000, 0x0000000087800000, 0x0000000087800000|100%| O|  |TAMS 0x0000000087800000, 0x0000000087700000| Untracked 
| 120|0x0000000087800000, 0x0000000087900000, 0x0000000087900000|100%| O|  |TAMS 0x0000000087900000, 0x0000000087800000| Complete 
| 121|0x0000000087900000, 0x0000000087a00000, 0x0000000087a00000|100%| O|  |TAMS 0x0000000087a00000, 0x0000000087900000| Untracked 
| 122|0x0000000087a00000, 0x0000000087b00000, 0x0000000087b00000|100%| O|  |TAMS 0x0000000087b00000, 0x0000000087a00000| Untracked 
| 123|0x0000000087b00000, 0x0000000087c00000, 0x0000000087c00000|100%| O|  |TAMS 0x0000000087c00000, 0x0000000087b00000| Complete 
| 124|0x0000000087c00000, 0x0000000087d00000, 0x0000000087d00000|100%| O|  |TAMS 0x0000000087d00000, 0x0000000087c00000| Untracked 
| 125|0x0000000087d00000, 0x0000000087e00000, 0x0000000087e00000|100%| O|  |TAMS 0x0000000087e00000, 0x0000000087d00000| Complete 
| 126|0x0000000087e00000, 0x0000000087f00000, 0x0000000087f00000|100%| O|  |TAMS 0x0000000087f00000, 0x0000000087e00000| Untracked 
| 127|0x0000000087f00000, 0x0000000088000000, 0x0000000088000000|100%| O|  |TAMS 0x0000000088000000, 0x0000000087f00000| Untracked 
| 128|0x0000000088000000, 0x0000000088100000, 0x0000000088100000|100%| O|  |TAMS 0x0000000088100000, 0x0000000088000000| Untracked 
| 129|0x0000000088100000, 0x0000000088200000, 0x0000000088200000|100%| O|  |TAMS 0x0000000088200000, 0x0000000088100000| Complete 
| 130|0x0000000088200000, 0x0000000088300000, 0x0000000088300000|100%| O|  |TAMS 0x0000000088300000, 0x0000000088200000| Untracked 
| 131|0x0000000088300000, 0x0000000088400000, 0x0000000088400000|100%| O|  |TAMS 0x0000000088400000, 0x0000000088300000| Complete 
| 132|0x0000000088400000, 0x0000000088500000, 0x0000000088500000|100%| O|  |TAMS 0x0000000088500000, 0x0000000088400000| Untracked 
| 133|0x0000000088500000, 0x0000000088600000, 0x0000000088600000|100%| O|  |TAMS 0x0000000088600000, 0x0000000088500000| Complete 
| 134|0x0000000088600000, 0x0000000088700000, 0x0000000088700000|100%| O|  |TAMS 0x0000000088700000, 0x0000000088600000| Untracked 
| 135|0x0000000088700000, 0x0000000088800000, 0x0000000088800000|100%| O|  |TAMS 0x0000000088800000, 0x0000000088700000| Complete 
| 136|0x0000000088800000, 0x0000000088900000, 0x0000000088900000|100%| O|  |TAMS 0x0000000088900000, 0x0000000088800000| Untracked 
| 137|0x0000000088900000, 0x0000000088a00000, 0x0000000088a00000|100%| O|  |TAMS 0x0000000088a00000, 0x0000000088900000| Complete 
| 138|0x0000000088a00000, 0x0000000088b00000, 0x0000000088b00000|100%| O|  |TAMS 0x0000000088b00000, 0x0000000088a00000| Untracked 
| 139|0x0000000088b00000, 0x0000000088c00000, 0x0000000088c00000|100%| O|  |TAMS 0x0000000088c00000, 0x0000000088b00000| Untracked 
| 140|0x0000000088c00000, 0x0000000088d00000, 0x0000000088d00000|100%| O|  |TAMS 0x0000000088d00000, 0x0000000088c00000| Untracked 
| 141|0x0000000088d00000, 0x0000000088e00000, 0x0000000088e00000|100%| O|  |TAMS 0x0000000088e00000, 0x0000000088d00000| Untracked 
| 142|0x0000000088e00000, 0x0000000088f00000, 0x0000000088f00000|100%| O|  |TAMS 0x0000000088f00000, 0x0000000088e00000| Untracked 
| 143|0x0000000088f00000, 0x0000000089000000, 0x0000000089000000|100%| O|  |TAMS 0x0000000089000000, 0x0000000088f00000| Untracked 
| 144|0x0000000089000000, 0x0000000089100000, 0x0000000089100000|100%| O|  |TAMS 0x0000000089100000, 0x0000000089000000| Untracked 
| 145|0x0000000089100000, 0x0000000089200000, 0x0000000089200000|100%| O|  |TAMS 0x0000000089200000, 0x0000000089100000| Complete 
| 146|0x0000000089200000, 0x00000000892d2c00, 0x0000000089300000| 82%| O|  |TAMS 0x00000000892d2c00, 0x0000000089200000| Untracked 
| 147|0x0000000089300000, 0x0000000089400000, 0x0000000089400000|100%|HS|  |TAMS 0x0000000089300000, 0x0000000089300000| Complete 
| 148|0x0000000089400000, 0x0000000089500000, 0x0000000089500000|100%|HC|  |TAMS 0x0000000089400000, 0x0000000089400000| Complete 
| 149|0x0000000089500000, 0x0000000089600000, 0x0000000089600000|100%|HC|  |TAMS 0x0000000089500000, 0x0000000089500000| Complete 
| 150|0x0000000089600000, 0x0000000089700000, 0x0000000089700000|100%|HS|  |TAMS 0x0000000089600000, 0x0000000089600000| Complete 
| 151|0x0000000089700000, 0x0000000089800000, 0x0000000089800000|100%|HC|  |TAMS 0x0000000089700000, 0x0000000089700000| Complete 
| 152|0x0000000089800000, 0x0000000089900000, 0x0000000089900000|100%|HC|  |TAMS 0x0000000089800000, 0x0000000089800000| Complete 
| 153|0x0000000089900000, 0x0000000089a00000, 0x0000000089a00000|100%|HS|  |TAMS 0x0000000089900000, 0x0000000089900000| Complete 
| 154|0x0000000089a00000, 0x0000000089b00000, 0x0000000089b00000|100%|HC|  |TAMS 0x0000000089a00000, 0x0000000089a00000| Complete 
| 155|0x0000000089b00000, 0x0000000089b00000, 0x0000000089c00000|  0%| F|  |TAMS 0x0000000089b00000, 0x0000000089b00000| Untracked 
| 156|0x0000000089c00000, 0x0000000089d00000, 0x0000000089d00000|100%| O|  |TAMS 0x0000000089d00000, 0x0000000089c00000| Untracked 
| 157|0x0000000089d00000, 0x0000000089e00000, 0x0000000089e00000|100%| O|  |TAMS 0x0000000089e00000, 0x0000000089d00000| Untracked 
| 158|0x0000000089e00000, 0x0000000089f00000, 0x0000000089f00000|100%| O|  |TAMS 0x0000000089f00000, 0x0000000089e00000| Untracked 
| 159|0x0000000089f00000, 0x000000008a000000, 0x000000008a000000|100%|HS|  |TAMS 0x0000000089f00000, 0x0000000089f00000| Complete 
| 160|0x000000008a000000, 0x000000008a100000, 0x000000008a100000|100%|HC|  |TAMS 0x000000008a000000, 0x000000008a000000| Complete 
| 161|0x000000008a100000, 0x000000008a200000, 0x000000008a200000|100%|HC|  |TAMS 0x000000008a100000, 0x000000008a100000| Complete 
| 162|0x000000008a200000, 0x000000008a300000, 0x000000008a300000|100%|HC|  |TAMS 0x000000008a200000, 0x000000008a200000| Complete 
| 163|0x000000008a300000, 0x000000008a400000, 0x000000008a400000|100%|HC|  |TAMS 0x000000008a300000, 0x000000008a300000| Complete 
| 164|0x000000008a400000, 0x000000008a500000, 0x000000008a500000|100%|HC|  |TAMS 0x000000008a400000, 0x000000008a400000| Complete 
| 165|0x000000008a500000, 0x000000008a600000, 0x000000008a600000|100%|HC|  |TAMS 0x000000008a500000, 0x000000008a500000| Complete 
| 166|0x000000008a600000, 0x000000008a700000, 0x000000008a700000|100%|HC|  |TAMS 0x000000008a600000, 0x000000008a600000| Complete 
| 167|0x000000008a700000, 0x000000008a800000, 0x000000008a800000|100%|HC|  |TAMS 0x000000008a700000, 0x000000008a700000| Complete 
| 168|0x000000008a800000, 0x000000008a900000, 0x000000008a900000|100%|HC|  |TAMS 0x000000008a800000, 0x000000008a800000| Complete 
| 169|0x000000008a900000, 0x000000008aa00000, 0x000000008aa00000|100%|HS|  |TAMS 0x000000008a900000, 0x000000008a900000| Complete 
| 170|0x000000008aa00000, 0x000000008ab00000, 0x000000008ab00000|100%|HC|  |TAMS 0x000000008aa00000, 0x000000008aa00000| Complete 
| 171|0x000000008ab00000, 0x000000008ac00000, 0x000000008ac00000|100%|HC|  |TAMS 0x000000008ab00000, 0x000000008ab00000| Complete 
| 172|0x000000008ac00000, 0x000000008ad00000, 0x000000008ad00000|100%|HC|  |TAMS 0x000000008ac00000, 0x000000008ac00000| Complete 
| 173|0x000000008ad00000, 0x000000008ae00000, 0x000000008ae00000|100%|HC|  |TAMS 0x000000008ad00000, 0x000000008ad00000| Complete 
| 174|0x000000008ae00000, 0x000000008af00000, 0x000000008af00000|100%|HC|  |TAMS 0x000000008ae00000, 0x000000008ae00000| Complete 
| 175|0x000000008af00000, 0x000000008b000000, 0x000000008b000000|100%|HC|  |TAMS 0x000000008af00000, 0x000000008af00000| Complete 
| 176|0x000000008b000000, 0x000000008b100000, 0x000000008b100000|100%|HC|  |TAMS 0x000000008b000000, 0x000000008b000000| Complete 
| 177|0x000000008b100000, 0x000000008b200000, 0x000000008b200000|100%|HC|  |TAMS 0x000000008b100000, 0x000000008b100000| Complete 
| 178|0x000000008b200000, 0x000000008b300000, 0x000000008b300000|100%|HC|  |TAMS 0x000000008b200000, 0x000000008b200000| Complete 
| 179|0x000000008b300000, 0x000000008b400000, 0x000000008b400000|100%|HS|  |TAMS 0x000000008b300000, 0x000000008b300000| Complete 
| 180|0x000000008b400000, 0x000000008b500000, 0x000000008b500000|100%|HC|  |TAMS 0x000000008b400000, 0x000000008b400000| Complete 
| 181|0x000000008b500000, 0x000000008b600000, 0x000000008b600000|100%|HS|  |TAMS 0x000000008b500000, 0x000000008b500000| Complete 
| 182|0x000000008b600000, 0x000000008b700000, 0x000000008b700000|100%|HC|  |TAMS 0x000000008b600000, 0x000000008b600000| Complete 
| 183|0x000000008b700000, 0x000000008b800000, 0x000000008b800000|100%|HS|  |TAMS 0x000000008b700000, 0x000000008b700000| Complete 
| 184|0x000000008b800000, 0x000000008b900000, 0x000000008b900000|100%|HC|  |TAMS 0x000000008b800000, 0x000000008b800000| Complete 
| 185|0x000000008b900000, 0x000000008b900000, 0x000000008ba00000|  0%| F|  |TAMS 0x000000008b900000, 0x000000008b900000| Untracked 
| 186|0x000000008ba00000, 0x000000008ba00000, 0x000000008bb00000|  0%| F|  |TAMS 0x000000008ba00000, 0x000000008ba00000| Untracked 
| 187|0x000000008bb00000, 0x000000008bb00000, 0x000000008bc00000|  0%| F|  |TAMS 0x000000008bb00000, 0x000000008bb00000| Untracked 
| 188|0x000000008bc00000, 0x000000008bccace0, 0x000000008bd00000| 79%| E|  |TAMS 0x000000008bc00000, 0x000000008bc00000| Complete 
| 189|0x000000008bd00000, 0x000000008be00000, 0x000000008be00000|100%| E|CS|TAMS 0x000000008bd00000, 0x000000008bd00000| Complete 
| 190|0x000000008be00000, 0x000000008bf00000, 0x000000008bf00000|100%| E|CS|TAMS 0x000000008be00000, 0x000000008be00000| Complete 
| 191|0x000000008bf00000, 0x000000008c000000, 0x000000008c000000|100%| E|CS|TAMS 0x000000008bf00000, 0x000000008bf00000| Complete 
| 192|0x000000008c000000, 0x000000008c100000, 0x000000008c100000|100%| E|CS|TAMS 0x000000008c000000, 0x000000008c000000| Complete 
| 193|0x000000008c100000, 0x000000008c13c270, 0x000000008c200000| 23%| S|CS|TAMS 0x000000008c100000, 0x000000008c100000| Complete 
| 194|0x000000008c200000, 0x000000008c300000, 0x000000008c300000|100%| S|CS|TAMS 0x000000008c200000, 0x000000008c200000| Complete 
| 195|0x000000008c300000, 0x000000008c400000, 0x000000008c400000|100%| S|CS|TAMS 0x000000008c300000, 0x000000008c300000| Complete 
| 196|0x000000008c400000, 0x000000008c500000, 0x000000008c500000|100%| E|CS|TAMS 0x000000008c400000, 0x000000008c400000| Complete 
| 197|0x000000008c500000, 0x000000008c600000, 0x000000008c600000|100%| E|CS|TAMS 0x000000008c500000, 0x000000008c500000| Complete 
| 198|0x000000008c600000, 0x000000008c700000, 0x000000008c700000|100%| E|  |TAMS 0x000000008c600000, 0x000000008c600000| Complete 
| 199|0x000000008c700000, 0x000000008c800000, 0x000000008c800000|100%| E|CS|TAMS 0x000000008c700000, 0x000000008c700000| Complete 
| 200|0x000000008c800000, 0x000000008c900000, 0x000000008c900000|100%| E|CS|TAMS 0x000000008c800000, 0x000000008c800000| Complete 
| 201|0x000000008c900000, 0x000000008ca00000, 0x000000008ca00000|100%| E|CS|TAMS 0x000000008c900000, 0x000000008c900000| Complete 
| 202|0x000000008ca00000, 0x000000008cb00000, 0x000000008cb00000|100%| E|CS|TAMS 0x000000008ca00000, 0x000000008ca00000| Complete 
| 203|0x000000008cb00000, 0x000000008cc00000, 0x000000008cc00000|100%| E|CS|TAMS 0x000000008cb00000, 0x000000008cb00000| Complete 
| 204|0x000000008cc00000, 0x000000008cd00000, 0x000000008cd00000|100%| E|CS|TAMS 0x000000008cc00000, 0x000000008cc00000| Complete 
| 205|0x000000008cd00000, 0x000000008ce00000, 0x000000008ce00000|100%| E|CS|TAMS 0x000000008cd00000, 0x000000008cd00000| Complete 
| 206|0x000000008ce00000, 0x000000008cf00000, 0x000000008cf00000|100%| E|CS|TAMS 0x000000008ce00000, 0x000000008ce00000| Complete 
| 207|0x000000008cf00000, 0x000000008d000000, 0x000000008d000000|100%| E|CS|TAMS 0x000000008cf00000, 0x000000008cf00000| Complete 
| 208|0x000000008d000000, 0x000000008d100000, 0x000000008d100000|100%| E|CS|TAMS 0x000000008d000000, 0x000000008d000000| Complete 
| 209|0x000000008d100000, 0x000000008d200000, 0x000000008d200000|100%| E|CS|TAMS 0x000000008d100000, 0x000000008d100000| Complete 
| 210|0x000000008d200000, 0x000000008d300000, 0x000000008d300000|100%| E|CS|TAMS 0x000000008d200000, 0x000000008d200000| Complete 
| 211|0x000000008d300000, 0x000000008d400000, 0x000000008d400000|100%| E|CS|TAMS 0x000000008d300000, 0x000000008d300000| Complete 
| 212|0x000000008d400000, 0x000000008d500000, 0x000000008d500000|100%| E|CS|TAMS 0x000000008d400000, 0x000000008d400000| Complete 
| 213|0x000000008d500000, 0x000000008d600000, 0x000000008d600000|100%| E|CS|TAMS 0x000000008d500000, 0x000000008d500000| Complete 
| 214|0x000000008d600000, 0x000000008d700000, 0x000000008d700000|100%| E|CS|TAMS 0x000000008d600000, 0x000000008d600000| Complete 
| 215|0x000000008d700000, 0x000000008d800000, 0x000000008d800000|100%| E|CS|TAMS 0x000000008d700000, 0x000000008d700000| Complete 
| 216|0x000000008d800000, 0x000000008d900000, 0x000000008d900000|100%| E|CS|TAMS 0x000000008d800000, 0x000000008d800000| Complete 
| 217|0x000000008d900000, 0x000000008da00000, 0x000000008da00000|100%| E|CS|TAMS 0x000000008d900000, 0x000000008d900000| Complete 
| 218|0x000000008da00000, 0x000000008db00000, 0x000000008db00000|100%| E|CS|TAMS 0x000000008da00000, 0x000000008da00000| Complete 
| 219|0x000000008db00000, 0x000000008dc00000, 0x000000008dc00000|100%| E|CS|TAMS 0x000000008db00000, 0x000000008db00000| Complete 
| 220|0x000000008dc00000, 0x000000008dd00000, 0x000000008dd00000|100%| E|CS|TAMS 0x000000008dc00000, 0x000000008dc00000| Complete 
| 221|0x000000008dd00000, 0x000000008de00000, 0x000000008de00000|100%| E|CS|TAMS 0x000000008dd00000, 0x000000008dd00000| Complete 
| 222|0x000000008de00000, 0x000000008df00000, 0x000000008df00000|100%| E|CS|TAMS 0x000000008de00000, 0x000000008de00000| Complete 
| 223|0x000000008df00000, 0x000000008e000000, 0x000000008e000000|100%| E|CS|TAMS 0x000000008df00000, 0x000000008df00000| Complete 
| 224|0x000000008e000000, 0x000000008e100000, 0x000000008e100000|100%| E|CS|TAMS 0x000000008e000000, 0x000000008e000000| Complete 
| 225|0x000000008e100000, 0x000000008e200000, 0x000000008e200000|100%| E|CS|TAMS 0x000000008e100000, 0x000000008e100000| Complete 
| 226|0x000000008e200000, 0x000000008e300000, 0x000000008e300000|100%| E|CS|TAMS 0x000000008e200000, 0x000000008e200000| Complete 
| 227|0x000000008e300000, 0x000000008e400000, 0x000000008e400000|100%| E|CS|TAMS 0x000000008e300000, 0x000000008e300000| Complete 

Card table byte_map: [0x00000256e60a0000,0x00000256e64a0000] _byte_map_base: 0x00000256e5ca0000

Marking Bits (Prev, Next): (CMBitMap*) 0x00000256d31b45b8, (CMBitMap*) 0x00000256d31b45f0
 Prev Bits: [0x00000256e68a0000, 0x00000256e88a0000)
 Next Bits: [0x00000256e88a0000, 0x00000256ea8a0000)

Polling page: 0x00000256d1020000

Metaspace:

Usage:
  Non-class:    131.04 MB capacity,   128.56 MB ( 98%) used,     1.99 MB (  2%) free+waste,   502.31 KB ( <1%) overhead. 
      Class:     19.54 MB capacity,    18.12 MB ( 93%) used,     1.21 MB (  6%) free+waste,   216.56 KB (  1%) overhead. 
       Both:    150.58 MB capacity,   146.69 MB ( 97%) used,     3.20 MB (  2%) free+waste,   718.88 KB ( <1%) overhead. 

Virtual space:
  Non-class space:      134.00 MB reserved,     132.13 MB ( 99%) committed 
      Class space:        1.00 GB reserved,      20.32 MB (  2%) committed 
             Both:        1.13 GB reserved,     152.45 MB ( 13%) committed 

Chunk freelists:
   Non-Class:  1.02 MB
       Class:  759.00 KB
        Both:  1.76 MB

MaxMetaspaceSize: 17179869184.00 GB
CompressedClassSpaceSize: 1.00 GB
Initial GC threshold: 20.80 MB
Current GC threshold: 254.09 MB
CDS: off

CodeHeap 'non-profiled nmethods': size=120064Kb used=15471Kb max_used=15471Kb free=104592Kb
 bounds [0x00000256de760000, 0x00000256df680000, 0x00000256e5ca0000]
CodeHeap 'profiled nmethods': size=120000Kb used=52772Kb max_used=52779Kb free=67227Kb
 bounds [0x00000256d7230000, 0x00000256da5c0000, 0x00000256de760000]
CodeHeap 'non-nmethods': size=5696Kb used=2524Kb max_used=2595Kb free=3171Kb
 bounds [0x00000256d6ca0000, 0x00000256d6f40000, 0x00000256d7230000]
 total_blobs=23973 nmethods=22897 adapters=987
 compilation: enabled
              stopped_count=0, restarted_count=0
 full_count=0

Compilation events (20 events):
Event: 6303.708 Thread 0x00000256ecdc3000 25653       1       org.gradle.api.internal.plugins.DefaultPluginManager::access$300 (5 bytes)
Event: 6303.709 Thread 0x00000256ecdc3000 nmethod 25653 0x00000256df67b890 code [0x00000256df67ba40, 0x00000256df67bad8]
Event: 6303.792 Thread 0x00000256ecdc3000 25654       1       java.util.Collections$EmptyEnumeration::hasMoreElements (2 bytes)
Event: 6303.853 Thread 0x00000256ecdc3000 nmethod 25654 0x00000256df67bb90 code [0x00000256df67bd40, 0x00000256df67bdf8]
Event: 6303.853 Thread 0x00000256ecdc3000 25655       3       org.gradle.api.internal.collections.DefaultCollectionEventRegister$FilteredEventRegister::registerLazyAddAction (18 bytes)
Event: 6303.855 Thread 0x00000256ecdc3000 nmethod 25655 0x00000256d8aa4d90 code [0x00000256d8aa4f80, 0x00000256d8aa5388]
Event: 6303.907 Thread 0x00000256ecdc3000 25658       3       org.gradle.api.internal.FactoryNamedDomainObjectContainer_Decorated::getStore (39 bytes)
Event: 6303.912 Thread 0x00000256ecdc3000 nmethod 25658 0x00000256d8aa4210 code [0x00000256d8aa4440, 0x00000256d8aa4b68]
Event: 6303.926 Thread 0x00000256ecdc3000 25659       3       com.android.build.gradle.internal.dsl.decorator.LockableSet::add (50 bytes)
Event: 6303.937 Thread 0x00000256ecdc3000 nmethod 25659 0x00000256d8aa3b10 code [0x00000256d8aa3d00, 0x00000256d8aa4098]
Event: 6303.946 Thread 0x00000256ecdc3000 25660       3       com.google.common.collect.ImmutableSet$Builder::add (23 bytes)
Event: 6303.949 Thread 0x00000256ecdc3000 nmethod 25660 0x00000256d8aa3190 code [0x00000256d8aa33a0, 0x00000256d8aa3948]
Event: 6303.949 Thread 0x00000256ecdc3000 25661       3       com.google.common.collect.ImmutableSet$Builder::copyIfNecessary (17 bytes)
Event: 6303.949 Thread 0x00000256ecdc3000 nmethod 25661 0x00000256d8aa2c10 code [0x00000256d8aa2de0, 0x00000256d8aa30a8]
Event: 6304.030 Thread 0x00000256ecdc3000 25662       3       com.android.build.gradle.internal.dependency.SourceSetManager::createConfiguration$default (17 bytes)
Event: 6304.034 Thread 0x00000256ecdc3000 nmethod 25662 0x00000256d8aa2810 code [0x00000256d8aa29c0, 0x00000256d8aa2b08]
Event: 6304.034 Thread 0x00000256ecdc3000 25663       3       com.android.build.gradle.internal.dependency.SourceSetManager::createConfiguration (72 bytes)
Event: 6304.036 Thread 0x00000256ecdc3000 nmethod 25663 0x00000256d8aa1d10 code [0x00000256d8aa1f40, 0x00000256d8aa2628]
Event: 6304.048 Thread 0x00000256ecdc3000 25665       3       org.gradle.api.internal.project.DefaultProject::afterEvaluate (34 bytes)
Event: 6304.052 Thread 0x00000256ecdc3000 nmethod 25665 0x00000256d8aa0790 code [0x00000256d8aa0a40, 0x00000256d8aa18d8]

GC Heap History (20 events):
Event: 6071.120 GC heap before
{Heap before GC invocations=70 (full 0):
 garbage-first heap   total 227328K, used 174647K [0x0000000080000000, 0x0000000100000000)
  region size 1024K, 50 young (51200K), 2 survivors (2048K)
 Metaspace       used 148369K, capacity 152037K, committed 154832K, reserved 1183744K
  class space    used 18442K, capacity 19815K, committed 20812K, reserved 1048576K
}
Event: 6071.154 GC heap after
{Heap after GC invocations=71 (full 0):
 garbage-first heap   total 227328K, used 130826K [0x0000000080000000, 0x0000000100000000)
  region size 1024K, 6 young (6144K), 6 survivors (6144K)
 Metaspace       used 148369K, capacity 152037K, committed 154832K, reserved 1183744K
  class space    used 18442K, capacity 19815K, committed 20812K, reserved 1048576K
}
Event: 6095.319 GC heap before
{Heap before GC invocations=72 (full 0):
 garbage-first heap   total 227328K, used 181002K [0x0000000080000000, 0x0000000100000000)
  region size 1024K, 54 young (55296K), 6 survivors (6144K)
 Metaspace       used 148911K, capacity 152745K, committed 155088K, reserved 1183744K
  class space    used 18483K, capacity 19921K, committed 20812K, reserved 1048576K
}
Event: 6095.426 GC heap after
{Heap after GC invocations=73 (full 0):
 garbage-first heap   total 227328K, used 138735K [0x0000000080000000, 0x0000000100000000)
  region size 1024K, 7 young (7168K), 7 survivors (7168K)
 Metaspace       used 148911K, capacity 152745K, committed 155088K, reserved 1183744K
  class space    used 18483K, capacity 19921K, committed 20812K, reserved 1048576K
}
Event: 6095.494 GC heap before
{Heap before GC invocations=73 (full 0):
 garbage-first heap   total 227328K, used 142831K [0x0000000080000000, 0x0000000100000000)
  region size 1024K, 11 young (11264K), 7 survivors (7168K)
 Metaspace       used 148973K, capacity 152811K, committed 155088K, reserved 1183744K
  class space    used 18483K, capacity 19921K, committed 20812K, reserved 1048576K
}
Event: 6095.532 GC heap after
{Heap after GC invocations=74 (full 0):
 garbage-first heap   total 227328K, used 139824K [0x0000000080000000, 0x0000000100000000)
  region size 1024K, 1 young (1024K), 1 survivors (1024K)
 Metaspace       used 148973K, capacity 152811K, committed 155088K, reserved 1183744K
  class space    used 18483K, capacity 19921K, committed 20812K, reserved 1048576K
}
Event: 6096.293 GC heap before
{Heap before GC invocations=74 (full 0):
 garbage-first heap   total 227328K, used 182832K [0x0000000080000000, 0x0000000100000000)
  region size 1024K, 43 young (44032K), 1 survivors (1024K)
 Metaspace       used 149240K, capacity 153089K, committed 155344K, reserved 1183744K
  class space    used 18510K, capacity 19926K, committed 20812K, reserved 1048576K
}
Event: 6096.317 GC heap after
{Heap after GC invocations=75 (full 0):
 garbage-first heap   total 227328K, used 140724K [0x0000000080000000, 0x0000000100000000)
  region size 1024K, 2 young (2048K), 2 survivors (2048K)
 Metaspace       used 149240K, capacity 153089K, committed 155344K, reserved 1183744K
  class space    used 18510K, capacity 19926K, committed 20812K, reserved 1048576K
}
Event: 6104.954 GC heap before
{Heap before GC invocations=76 (full 0):
 garbage-first heap   total 233472K, used 227764K [0x0000000080000000, 0x0000000100000000)
  region size 1024K, 46 young (47104K), 2 survivors (2048K)
 Metaspace       used 149525K, capacity 153391K, committed 155600K, reserved 1183744K
  class space    used 18517K, capacity 19940K, committed 20812K, reserved 1048576K
}
Event: 6104.972 GC heap after
{Heap after GC invocations=77 (full 0):
 garbage-first heap   total 233472K, used 140448K [0x0000000080000000, 0x0000000100000000)
  region size 1024K, 2 young (2048K), 2 survivors (2048K)
 Metaspace       used 149525K, capacity 153391K, committed 155600K, reserved 1183744K
  class space    used 18517K, capacity 19940K, committed 20812K, reserved 1048576K
}
Event: 6123.148 GC heap before
{Heap before GC invocations=77 (full 0):
 garbage-first heap   total 233472K, used 149664K [0x0000000080000000, 0x0000000100000000)
  region size 1024K, 11 young (11264K), 2 survivors (2048K)
 Metaspace       used 149625K, capacity 153517K, committed 155600K, reserved 1183744K
  class space    used 18528K, capacity 19956K, committed 20812K, reserved 1048576K
}
Event: 6123.186 GC heap after
{Heap after GC invocations=78 (full 0):
 garbage-first heap   total 233472K, used 139046K [0x0000000080000000, 0x0000000100000000)
  region size 1024K, 2 young (2048K), 2 survivors (2048K)
 Metaspace       used 149625K, capacity 153517K, committed 155600K, reserved 1183744K
  class space    used 18528K, capacity 19956K, committed 20812K, reserved 1048576K
}
Event: 6124.687 GC heap before
{Heap before GC invocations=78 (full 0):
 garbage-first heap   total 233472K, used 188198K [0x0000000080000000, 0x0000000100000000)
  region size 1024K, 51 young (52224K), 2 survivors (2048K)
 Metaspace       used 149885K, capacity 153828K, committed 155856K, reserved 1183744K
  class space    used 18533K, capacity 19965K, committed 20812K, reserved 1048576K
}
Event: 6124.716 GC heap after
{Heap after GC invocations=79 (full 0):
 garbage-first heap   total 233472K, used 145363K [0x0000000080000000, 0x0000000100000000)
  region size 1024K, 7 young (7168K), 7 survivors (7168K)
 Metaspace       used 149885K, capacity 153828K, committed 155856K, reserved 1183744K
  class space    used 18533K, capacity 19965K, committed 20812K, reserved 1048576K
}
Event: 6132.379 GC heap before
{Heap before GC invocations=80 (full 0):
 garbage-first heap   total 233472K, used 188371K [0x0000000080000000, 0x0000000100000000)
  region size 1024K, 53 young (54272K), 7 survivors (7168K)
 Metaspace       used 150036K, capacity 153981K, committed 156112K, reserved 1185792K
  class space    used 18547K, capacity 19991K, committed 20812K, reserved 1048576K
}
Event: 6132.415 GC heap after
{Heap after GC invocations=81 (full 0):
 garbage-first heap   total 233472K, used 149653K [0x0000000080000000, 0x0000000100000000)
  region size 1024K, 7 young (7168K), 7 survivors (7168K)
 Metaspace       used 150036K, capacity 153981K, committed 156112K, reserved 1185792K
  class space    used 18547K, capacity 19991K, committed 20812K, reserved 1048576K
}
Event: 6132.434 GC heap before
{Heap before GC invocations=81 (full 0):
 garbage-first heap   total 233472K, used 152725K [0x0000000080000000, 0x0000000100000000)
  region size 1024K, 11 young (11264K), 7 survivors (7168K)
 Metaspace       used 150036K, capacity 153981K, committed 156112K, reserved 1185792K
  class space    used 18547K, capacity 19991K, committed 20812K, reserved 1048576K
}
Event: 6132.471 GC heap after
{Heap after GC invocations=82 (full 0):
 garbage-first heap   total 233472K, used 140765K [0x0000000080000000, 0x0000000100000000)
  region size 1024K, 2 young (2048K), 2 survivors (2048K)
 Metaspace       used 150036K, capacity 153981K, committed 156112K, reserved 1185792K
  class space    used 18547K, capacity 19991K, committed 20812K, reserved 1048576K
}
Event: 6133.326 GC heap before
{Heap before GC invocations=82 (full 0):
 garbage-first heap   total 233472K, used 169437K [0x0000000080000000, 0x0000000100000000)
  region size 1024K, 32 young (32768K), 2 survivors (2048K)
 Metaspace       used 150093K, capacity 154063K, committed 156112K, reserved 1185792K
  class space    used 18551K, capacity 19997K, committed 20812K, reserved 1048576K
}
Event: 6133.337 GC heap after
{Heap after GC invocations=83 (full 0):
 garbage-first heap   total 233472K, used 141371K [0x0000000080000000, 0x0000000100000000)
  region size 1024K, 3 young (3072K), 3 survivors (3072K)
 Metaspace       used 150093K, capacity 154063K, committed 156112K, reserved 1185792K
  class space    used 18551K, capacity 19997K, committed 20812K, reserved 1048576K
}

Deoptimization events (20 events):
Event: 6134.575 Thread 0x00000256ee7ef000 Uncommon trap: trap_request=0xffffffde fr.pc=0x00000256df126de8 relative=0x00000000000001a8
Event: 6134.575 Thread 0x00000256ee7ef000 Uncommon trap: reason=class_check action=maybe_recompile pc=0x00000256df126de8 method=java.lang.invoke.LambdaForm$MH/0x00000001000eac40.invoke(Ljava/lang/Object;Ljava/lang/Object;)Ljava/lang/Object; @ 11 c2
Event: 6134.575 Thread 0x00000256ee7ef000 DEOPT PACKING pc=0x00000256df126de8 sp=0x000000bbd2cfbfe0
Event: 6134.575 Thread 0x00000256ee7ef000 DEOPT UNPACKING pc=0x00000256d6cea1af sp=0x000000bbd2cfbf08 mode 2
Event: 6134.817 Thread 0x00000256ee7ee000 Uncommon trap: trap_request=0xfffffff4 fr.pc=0x00000256deba42d4 relative=0x00000000000010d4
Event: 6134.817 Thread 0x00000256ee7ee000 Uncommon trap: reason=null_check action=make_not_entrant pc=0x00000256deba42d4 method=org.slf4j.helpers.MessageFormatter.getThrowableCandidate([Ljava/lang/Object;)Ljava/lang/Throwable; @ 19 c2
Event: 6134.817 Thread 0x00000256ee7ee000 DEOPT PACKING pc=0x00000256deba42d4 sp=0x000000bbd10fed00
Event: 6134.817 Thread 0x00000256ee7ee000 DEOPT UNPACKING pc=0x00000256d6cea1af sp=0x000000bbd10febe8 mode 2
Event: 6302.470 Thread 0x00000256ee7ef800 Uncommon trap: trap_request=0xffffffde fr.pc=0x00000256def24c60 relative=0x0000000000000a00
Event: 6302.470 Thread 0x00000256ee7ef800 Uncommon trap: reason=class_check action=maybe_recompile pc=0x00000256def24c60 method=org.gradle.cache.internal.LockOnDemandCrossProcessCacheAccess.incrementLockCount()V @ 97 c2
Event: 6302.470 Thread 0x00000256ee7ef800 DEOPT PACKING pc=0x00000256def24c60 sp=0x000000bbd2cf7460
Event: 6302.470 Thread 0x00000256ee7ef800 DEOPT UNPACKING pc=0x00000256d6cea1af sp=0x000000bbd2cf7440 mode 2
Event: 6303.545 Thread 0x00000256ee7ef800 Uncommon trap: trap_request=0xffffffd6 fr.pc=0x00000256dee542bc relative=0x0000000000000cfc
Event: 6303.545 Thread 0x00000256ee7ef800 Uncommon trap: reason=array_check action=maybe_recompile pc=0x00000256dee542bc method=com.google.common.collect.RegularImmutableMap.fromEntryArray(I[Ljava/util/Map$Entry;)Lcom/google/common/collect/ImmutableMap; @ 157 c2
Event: 6303.545 Thread 0x00000256ee7ef800 DEOPT PACKING pc=0x00000256dee542bc sp=0x000000bbd2cf7570
Event: 6303.545 Thread 0x00000256ee7ef800 DEOPT UNPACKING pc=0x00000256d6cea1af sp=0x000000bbd2cf7520 mode 2
Event: 6303.546 Thread 0x00000256ee7ef800 Uncommon trap: trap_request=0xffffffd6 fr.pc=0x00000256dee542bc relative=0x0000000000000cfc
Event: 6303.546 Thread 0x00000256ee7ef800 Uncommon trap: reason=array_check action=maybe_recompile pc=0x00000256dee542bc method=com.google.common.collect.RegularImmutableMap.fromEntryArray(I[Ljava/util/Map$Entry;)Lcom/google/common/collect/ImmutableMap; @ 157 c2
Event: 6303.546 Thread 0x00000256ee7ef800 DEOPT PACKING pc=0x00000256dee542bc sp=0x000000bbd2cf7570
Event: 6303.546 Thread 0x00000256ee7ef800 DEOPT UNPACKING pc=0x00000256d6cea1af sp=0x000000bbd2cf7520 mode 2

Classes redefined (0 events):
No events

Internal exceptions (20 events):
Event: 6125.626 Thread 0x00000256f7038800 Exception <a 'sun/nio/fs/WindowsException'{0x000000008d5e18e8}> (0x000000008d5e18e8) thrown at [src/hotspot/share/prims/jni.cpp, line 617]
Event: 6125.626 Thread 0x00000256f7038800 Exception <a 'sun/nio/fs/WindowsException'{0x000000008d5e1b98}> (0x000000008d5e1b98) thrown at [src/hotspot/share/prims/jni.cpp, line 617]
Event: 6125.626 Thread 0x00000256f7038800 Exception <a 'sun/nio/fs/WindowsException'{0x000000008d5e2a08}> (0x000000008d5e2a08) thrown at [src/hotspot/share/prims/jni.cpp, line 617]
Event: 6125.627 Thread 0x00000256f7038800 Exception <a 'sun/nio/fs/WindowsException'{0x000000008d5e2c58}> (0x000000008d5e2c58) thrown at [src/hotspot/share/prims/jni.cpp, line 617]
Event: 6125.627 Thread 0x00000256f7038800 Exception <a 'sun/nio/fs/WindowsException'{0x000000008d5e3a98}> (0x000000008d5e3a98) thrown at [src/hotspot/share/prims/jni.cpp, line 617]
Event: 6125.627 Thread 0x00000256f7038800 Exception <a 'sun/nio/fs/WindowsException'{0x000000008d5e3d00}> (0x000000008d5e3d00) thrown at [src/hotspot/share/prims/jni.cpp, line 617]
Event: 6132.475 Thread 0x00000256ee7f1800 Exception <a 'sun/nio/fs/WindowsException'{0x000000008e37f328}> (0x000000008e37f328) thrown at [src/hotspot/share/prims/jni.cpp, line 617]
Event: 6132.475 Thread 0x00000256ee7f1800 Exception <a 'sun/nio/fs/WindowsException'{0x000000008e37f3c8}> (0x000000008e37f3c8) thrown at [src/hotspot/share/prims/jni.cpp, line 617]
Event: 6132.475 Thread 0x00000256ee7f1800 Exception <a 'sun/nio/fs/WindowsException'{0x000000008e37f4b8}> (0x000000008e37f4b8) thrown at [src/hotspot/share/prims/jni.cpp, line 617]
Event: 6133.115 Thread 0x00000256f7035800 Exception <a 'sun/nio/fs/WindowsException'{0x000000008cb8deb0}> (0x000000008cb8deb0) thrown at [src/hotspot/share/prims/jni.cpp, line 617]
Event: 6133.116 Thread 0x00000256f7035800 Exception <a 'sun/nio/fs/WindowsException'{0x000000008cb8ecf0}> (0x000000008cb8ecf0) thrown at [src/hotspot/share/prims/jni.cpp, line 617]
Event: 6133.324 Thread 0x00000256ee7f1800 Exception <a 'sun/nio/fs/WindowsException'{0x000000008c55ec18}> (0x000000008c55ec18) thrown at [src/hotspot/share/prims/jni.cpp, line 617]
Event: 6133.324 Thread 0x00000256ee7f1800 Exception <a 'sun/nio/fs/WindowsException'{0x000000008c55eca0}> (0x000000008c55eca0) thrown at [src/hotspot/share/prims/jni.cpp, line 617]
Event: 6134.556 Thread 0x00000256ee7ef000 Implicit null exception at 0x00000256def63d6f to 0x00000256def64200
Event: 6134.565 Thread 0x00000256ee7ef000 Exception <a 'sun/nio/fs/WindowsException'{0x000000008e0446b8}> (0x000000008e0446b8) thrown at [src/hotspot/share/prims/jni.cpp, line 617]
Event: 6134.565 Thread 0x00000256ee7ef000 Exception <a 'sun/nio/fs/WindowsException'{0x000000008e044740}> (0x000000008e044740) thrown at [src/hotspot/share/prims/jni.cpp, line 617]
Event: 6134.566 Thread 0x00000256ee7ef000 Exception <a 'sun/nio/fs/WindowsException'{0x000000008e045fa0}> (0x000000008e045fa0) thrown at [src/hotspot/share/prims/jni.cpp, line 617]
Event: 6134.572 Thread 0x00000256ee7ed800 Exception <a 'sun/nio/fs/WindowsException'{0x000000008e0b5380}> (0x000000008e0b5380) thrown at [src/hotspot/share/prims/jni.cpp, line 617]
Event: 6134.817 Thread 0x00000256ee7ee000 Implicit null exception at 0x00000256deba326d to 0x00000256deba42b0
Event: 6303.887 Thread 0x00000256ee7ef800 Exception <a 'sun/nio/fs/WindowsException'{0x000000008bd3c780}> (0x000000008bd3c780) thrown at [src/hotspot/share/prims/jni.cpp, line 617]

Events (20 events):
Event: 6303.150 Thread 0x00000256f08b0000 Thread added: 0x00000256f08b0000
Event: 6303.150 Thread 0x00000256f08ac000 Thread added: 0x00000256f08ac000
Event: 6303.151 Thread 0x00000256f08aa800 Thread added: 0x00000256f08aa800
Event: 6303.152 Thread 0x00000256f08ab000 Thread added: 0x00000256f08ab000
Event: 6303.155 Thread 0x00000256f08ae800 Thread added: 0x00000256f08ae800
Event: 6303.155 Thread 0x00000256f08b1800 Thread added: 0x00000256f08b1800
Event: 6303.156 Thread 0x00000256f08ac800 Thread added: 0x00000256f08ac800
Event: 6303.156 Thread 0x00000256f08ad800 Thread added: 0x00000256f08ad800
Event: 6303.158 Thread 0x00000256f6efd000 Thread added: 0x00000256f6efd000
Event: 6303.159 Thread 0x00000256f6ef8800 Thread added: 0x00000256f6ef8800
Event: 6303.162 Thread 0x00000256f6ef8000 Thread added: 0x00000256f6ef8000
Event: 6303.407 Executing VM operation: RevokeBias
Event: 6303.410 Executing VM operation: RevokeBias done
Event: 6303.601 Thread 0x00000256f6efb000 Thread added: 0x00000256f6efb000
Event: 6303.624 loading class org/gradle/api/internal/provider/ValueSupplier$1
Event: 6303.624 loading class org/gradle/api/internal/provider/ValueSupplier$1 done
Event: 6303.633 Executing VM operation: RevokeBias
Event: 6303.637 Executing VM operation: RevokeBias done
Event: 6304.018 Executing VM operation: RevokeBias
Event: 6304.020 Executing VM operation: RevokeBias done


Dynamic libraries:
0x00007ff7d8830000 - 0x00007ff7d883a000 	D:\AndroidFolder\Android Studio2\jbr\bin\java.exe
0x00007ffaf08b0000 - 0x00007ffaf0aa8000 	C:\WINDOWS\SYSTEM32\ntdll.dll
0x00007ffaeee20000 - 0x00007ffaeeedf000 	C:\WINDOWS\System32\KERNEL32.DLL
0x00007ffaedfc0000 - 0x00007ffaee29a000 	C:\WINDOWS\System32\KERNELBASE.dll
0x00007ffaee530000 - 0x00007ffaee630000 	C:\WINDOWS\System32\ucrtbase.dll
0x00007ffad71a0000 - 0x00007ffad71bb000 	D:\AndroidFolder\Android Studio2\jbr\bin\VCRUNTIME140.dll
0x00007ffac7370000 - 0x00007ffac7387000 	D:\AndroidFolder\Android Studio2\jbr\bin\jli.dll
0x00007ffaefdf0000 - 0x00007ffaeff8d000 	C:\WINDOWS\System32\USER32.dll
0x00007ffaee630000 - 0x00007ffaee652000 	C:\WINDOWS\System32\win32u.dll
0x00007ffad1320000 - 0x00007ffad15ba000 	C:\WINDOWS\WinSxS\amd64_microsoft.windows.common-controls_6595b64144ccf1df_6.0.19041.1110_none_60b5254171f9507e\COMCTL32.dll
0x00007ffaef630000 - 0x00007ffaef65b000 	C:\WINDOWS\System32\GDI32.dll
0x00007ffaef660000 - 0x00007ffaef6fe000 	C:\WINDOWS\System32\msvcrt.dll
0x00007ffaee800000 - 0x00007ffaee910000 	C:\WINDOWS\System32\gdi32full.dll
0x00007ffaee490000 - 0x00007ffaee52d000 	C:\WINDOWS\System32\msvcp_win.dll
0x00007ffaefc50000 - 0x00007ffaefc80000 	C:\WINDOWS\System32\IMM32.DLL
0x00007ffae6830000 - 0x00007ffae683c000 	D:\AndroidFolder\Android Studio2\jbr\bin\vcruntime140_1.dll
0x00007ffab9090000 - 0x00007ffab911d000 	D:\AndroidFolder\Android Studio2\jbr\bin\msvcp140.dll
0x00007ffa68370000 - 0x00007ffa68f2c000 	D:\AndroidFolder\Android Studio2\jbr\bin\server\jvm.dll
0x00007ffaf00c0000 - 0x00007ffaf016e000 	C:\WINDOWS\System32\ADVAPI32.dll
0x00007ffaee910000 - 0x00007ffaee9ac000 	C:\WINDOWS\System32\sechost.dll
0x00007ffaf04d0000 - 0x00007ffaf05f6000 	C:\WINDOWS\System32\RPCRT4.dll
0x00007ffaefc80000 - 0x00007ffaefc88000 	C:\WINDOWS\System32\PSAPI.DLL
0x00007ffae7c30000 - 0x00007ffae7c39000 	C:\WINDOWS\SYSTEM32\WSOCK32.dll
0x00007ffad2510000 - 0x00007ffad2537000 	C:\WINDOWS\SYSTEM32\WINMM.dll
0x00007ffae76c0000 - 0x00007ffae76ca000 	C:\WINDOWS\SYSTEM32\VERSION.dll
0x00007ffaf0600000 - 0x00007ffaf066b000 	C:\WINDOWS\System32\WS2_32.dll
0x00007ffaebed0000 - 0x00007ffaebee2000 	C:\WINDOWS\SYSTEM32\kernel.appcore.dll
0x00007ffade860000 - 0x00007ffade870000 	D:\AndroidFolder\Android Studio2\jbr\bin\verify.dll
0x00007ffaeb6c0000 - 0x00007ffaeb8a4000 	C:\WINDOWS\SYSTEM32\DBGHELP.DLL
0x00007ffad6a60000 - 0x00007ffad6a94000 	C:\WINDOWS\SYSTEM32\dbgcore.DLL
0x00007ffaee400000 - 0x00007ffaee482000 	C:\WINDOWS\System32\bcryptPrimitives.dll
0x00007ffadda10000 - 0x00007ffadda38000 	D:\AndroidFolder\Android Studio2\jbr\bin\java.dll
0x00007ffadd9e0000 - 0x00007ffadd9ea000 	D:\AndroidFolder\Android Studio2\jbr\bin\jimage.dll
0x00007ffadc6e0000 - 0x00007ffadc6f8000 	D:\AndroidFolder\Android Studio2\jbr\bin\zip.dll
0x00007ffaeeee0000 - 0x00007ffaef624000 	C:\WINDOWS\System32\SHELL32.dll
0x00007ffaec080000 - 0x00007ffaec813000 	C:\WINDOWS\SYSTEM32\windows.storage.dll
0x00007ffaf0170000 - 0x00007ffaf04c4000 	C:\WINDOWS\System32\combase.dll
0x00007ffaeda20000 - 0x00007ffaeda4e000 	C:\WINDOWS\SYSTEM32\Wldp.dll
0x00007ffaefd40000 - 0x00007ffaefded000 	C:\WINDOWS\System32\SHCORE.dll
0x00007ffaefbf0000 - 0x00007ffaefc45000 	C:\WINDOWS\System32\shlwapi.dll
0x00007ffaedf00000 - 0x00007ffaedf1f000 	C:\WINDOWS\SYSTEM32\profapi.dll
0x00007ffadc6c0000 - 0x00007ffadc6d9000 	D:\AndroidFolder\Android Studio2\jbr\bin\net.dll
0x00007ffae4060000 - 0x00007ffae416a000 	C:\WINDOWS\SYSTEM32\WINHTTP.dll
0x00007ffaed780000 - 0x00007ffaed7ea000 	C:\WINDOWS\system32\mswsock.dll
0x00007ffadc6a0000 - 0x00007ffadc6b3000 	D:\AndroidFolder\Android Studio2\jbr\bin\nio.dll
0x00007ffac7390000 - 0x00007ffac73b7000 	C:\Users\asus\.gradle\native\e1d6ef7f7dcc3fd88c89a11ec53ec762bb8ba0a96d01ffa2cd45eb1d1d8dd5c5\windows-amd64\native-platform.dll
0x00007ffab7ad0000 - 0x00007ffab7c14000 	C:\Users\asus\.gradle\native\0d407fdbe67a94daf76414ababcb853783967236a71b16ec16e742cd7a986fd3\windows-amd64\native-platform-file-events.dll
0x00007ffadc640000 - 0x00007ffadc64a000 	D:\AndroidFolder\Android Studio2\jbr\bin\management.dll
0x00007ffadc630000 - 0x00007ffadc63b000 	D:\AndroidFolder\Android Studio2\jbr\bin\management_ext.dll
0x00007ffaed970000 - 0x00007ffaed988000 	C:\WINDOWS\SYSTEM32\CRYPTSP.dll
0x00007ffaed030000 - 0x00007ffaed064000 	C:\WINDOWS\system32\rsaenh.dll
0x00007ffaee710000 - 0x00007ffaee737000 	C:\WINDOWS\System32\bcrypt.dll
0x00007ffaede80000 - 0x00007ffaedeae000 	C:\WINDOWS\SYSTEM32\USERENV.dll
0x00007ffaed990000 - 0x00007ffaed99c000 	C:\WINDOWS\SYSTEM32\CRYPTBASE.dll
0x00007ffaed420000 - 0x00007ffaed45c000 	C:\WINDOWS\SYSTEM32\IPHLPAPI.DLL
0x00007ffaefbe0000 - 0x00007ffaefbe8000 	C:\WINDOWS\System32\NSI.dll
0x00007ffae4430000 - 0x00007ffae4447000 	C:\WINDOWS\SYSTEM32\dhcpcsvc6.DLL
0x00007ffae53b0000 - 0x00007ffae53cd000 	C:\WINDOWS\SYSTEM32\dhcpcsvc.DLL
0x00007ffaed470000 - 0x00007ffaed53b000 	C:\WINDOWS\SYSTEM32\DNSAPI.dll
0x00007ffadb500000 - 0x00007ffadb527000 	D:\AndroidFolder\Android Studio2\jbr\bin\sunec.dll
0x00007ffadb420000 - 0x00007ffadb42a000 	C:\Windows\System32\rasadhlp.dll
0x00007ffadcb00000 - 0x00007ffadcb80000 	C:\WINDOWS\System32\fwpuclnt.dll
0x00007ffad8eb0000 - 0x00007ffad8ec7000 	C:\WINDOWS\system32\napinsp.dll
0x00007ffad93c0000 - 0x00007ffad93db000 	C:\WINDOWS\system32\pnrpnsp.dll
0x00007ffae8890000 - 0x00007ffae88a5000 	C:\WINDOWS\system32\wshbth.dll
0x00007ffae9540000 - 0x00007ffae955d000 	C:\WINDOWS\system32\NLAapi.dll
0x00007ffad9410000 - 0x00007ffad9422000 	C:\WINDOWS\System32\winrnr.dll
0x00007ffaed170000 - 0x00007ffaed1a3000 	C:\WINDOWS\SYSTEM32\ntmarta.dll
0x00007ffae96b0000 - 0x00007ffae96ce000 	C:\Users\asus\AppData\Local\Temp\native-platform5359559692320008386dir\native-platform.dll
0x00007ffae96a0000 - 0x00007ffae96a7000 	D:\AndroidFolder\Android Studio2\jbr\bin\rmi.dll

dbghelp: loaded successfully - version: 4.0.5 - missing functions: none
symbol engine: initialized successfully - sym options: 0x614 - pdb path: .;D:\AndroidFolder\Android Studio2\jbr\bin;C:\WINDOWS\SYSTEM32;C:\WINDOWS\WinSxS\amd64_microsoft.windows.common-controls_6595b64144ccf1df_6.0.19041.1110_none_60b5254171f9507e;D:\AndroidFolder\Android Studio2\jbr\bin\server;C:\Users\asus\.gradle\native\e1d6ef7f7dcc3fd88c89a11ec53ec762bb8ba0a96d01ffa2cd45eb1d1d8dd5c5\windows-amd64;C:\Users\asus\.gradle\native\0d407fdbe67a94daf76414ababcb853783967236a71b16ec16e742cd7a986fd3\windows-amd64;C:\Users\asus\AppData\Local\Temp\native-platform5359559692320008386dir

VM Arguments:
jvm_args: --add-opens=java.base/java.util=ALL-UNNAMED --add-opens=java.base/java.lang=ALL-UNNAMED --add-opens=java.base/java.lang.invoke=ALL-UNNAMED --add-opens=java.base/java.util=ALL-UNNAMED --add-opens=java.prefs/java.util.prefs=ALL-UNNAMED --add-opens=java.prefs/java.util.prefs=ALL-UNNAMED --add-opens=java.base/java.nio.charset=ALL-UNNAMED --add-opens=java.base/java.net=ALL-UNNAMED --add-opens=java.base/java.util.concurrent.atomic=ALL-UNNAMED -Xmx2048m -Dfile.encoding=UTF-8 -Duser.country=IN -Duser.language=en -Duser.variant 
java_command: org.gradle.launcher.daemon.bootstrap.GradleDaemon 7.5
java_class_path (initial): C:\Users\asus\.gradle\wrapper\dists\gradle-7.5-bin\f1w0cc9nuo0eivz97x2xlu9sv\gradle-7.5\lib\gradle-launcher-7.5.jar
Launcher Type: SUN_STANDARD

[Global flags]
     intx CICompilerCount                          = 3                                         {product} {ergonomic}
     uint ConcGCThreads                            = 1                                         {product} {ergonomic}
     uint G1ConcRefinementThreads                  = 4                                         {product} {ergonomic}
   size_t G1HeapRegionSize                         = 1048576                                   {product} {ergonomic}
    uintx GCDrainStackTargetSize                   = 64                                        {product} {ergonomic}
   size_t InitialHeapSize                          = 134217728                                 {product} {ergonomic}
   size_t MarkStackSize                            = 4194304                                   {product} {ergonomic}
   size_t MaxHeapSize                              = 2147483648                                {product} {command line}
   size_t MaxNewSize                               = 1287651328                                {product} {ergonomic}
   size_t MinHeapDeltaBytes                        = 1048576                                   {product} {ergonomic}
    uintx NonNMethodCodeHeapSize                   = 5830732                                {pd product} {ergonomic}
    uintx NonProfiledCodeHeapSize                  = 122913754                              {pd product} {ergonomic}
    uintx ProfiledCodeHeapSize                     = 122913754                              {pd product} {ergonomic}
    uintx ReservedCodeCacheSize                    = 251658240                              {pd product} {ergonomic}
     bool SegmentedCodeCache                       = true                                      {product} {ergonomic}
     bool UseCompressedClassPointers               = true                                 {lp64_product} {ergonomic}
     bool UseCompressedOops                        = true                                 {lp64_product} {ergonomic}
     bool UseG1GC                                  = true                                      {product} {ergonomic}
     bool UseLargePagesIndividualAllocation        = false                                  {pd product} {ergonomic}

Logging:
Log output configuration:
 #0: stdout all=warning uptime,level,tags
 #1: stderr all=off uptime,level,tags

Environment Variables:
PATH=C:\Program Files\Common Files\Oracle\Java\javapath;C:\WINDOWS\system32;C:\WINDOWS;C:\WINDOWS\System32\Wbem;C:\WINDOWS\System32\WindowsPowerShell\v1.0\;C:\WINDOWS\System32\OpenSSH\;C:\Program Files\dotnet\;C:\Program Files\Git\cmd;C:\Users\asus\AppData\Local\Programs\Python\Python310\Scripts\;C:\Users\asus\AppData\Local\Programs\Python\Python310\;C:\Users\asus\AppData\Local\Microsoft\WindowsApps;;C:\Users\asus\AppData\Local\Programs\Microsoft VS Code\bin;C:\Users\asus\.dotnet\tools
USERNAME=asus
OS=Windows_NT
PROCESSOR_IDENTIFIER=Intel64 Family 6 Model 142 Stepping 9, GenuineIntel



---------------  S Y S T E M  ---------------

OS: Windows 10 , 64 bit Build 19041 (10.0.19041.2788)
OS uptime: 7 days 1:32 hours

CPU:total 4 (initial active 4) (2 cores per cpu, 2 threads per core) family 6 model 142 stepping 9 microcode 0xb4, cmov, cx8, fxsr, mmx, sse, sse2, sse3, ssse3, sse4.1, sse4.2, popcnt, avx, avx2, aes, clmul, erms, 3dnowpref, lzcnt, ht, tsc, tscinvbit, bmi1, bmi2, adx, fma

Memory: 4k page, system-wide physical 8071M (213M free)
TotalPageFile size 12167M (AvailPageFile size 0M)
current process WorkingSet (physical memory assigned to process): 187M, peak: 634M
current process commit charge ("private bytes"): 660M, peak: 675M

vm_info: OpenJDK 64-Bit Server VM (11.0.15+0-b2043.56-9505619) for windows-amd64 JRE (11.0.15+0-b2043.56-9505619), built on Jan 19 2023 02:48:00 by "builduser" with unknown MS VC++:1929

END.
