#
# There is insufficient memory for the Java Runtime Environment to continue.
# Native memory allocation (mmap) failed to map 134217728 bytes for Failed to commit area from 0x0000000081e00000 to 0x0000000089e00000 of length 134217728.
# Possible reasons:
#   The system is out of physical RAM or swap space
#   The process is running with CompressedOops enabled, and the Java Heap may be blocking the growth of the native heap
# Possible solutions:
#   Reduce memory load on the system
#   Increase physical memory or swap space
#   Check if swap backing store is full
#   Decrease Java heap size (-Xmx/-Xms)
#   Decrease number of Java threads
#   Decrease Java thread stack sizes (-Xss)
#   Set larger code cache with -XX:ReservedCodeCacheSize=
# This output file may be truncated or incomplete.
#
#  Out of Memory Error (src/hotspot/os/windows/os_windows.cpp:3627), pid=14540, tid=6364
#
# JRE version:  (11.0.15) (build )
# Java VM: OpenJDK 64-Bit Server VM (11.0.15+0-b2043.56-9505619, mixed mode, sharing, tiered, compressed oops, g1 gc, windows-amd64)
# No core dump will be written. Minidumps are not enabled by default on client versions of Windows
#

---------------  S U M M A R Y ------------

Command Line: git4idea.http.GitAskPassApp Username for 'https://github.com': 

Host: Intel(R) Core(TM) i3-7020U CPU @ 2.30GHz, 4 cores, 7G,  Windows 10 , 64 bit Build 19041 (10.0.19041.2788)
Time: Tue May  9 17:29:42 2023 India Standard Time elapsed time: 0.037411 seconds (0d 0h 0m 0s)

---------------  T H R E A D  ---------------

Current thread (0x0000021fa4761800):  JavaThread "Unknown thread" [_thread_in_vm, id=6364, stack(0x0000007934000000,0x0000007934100000)]

Stack: [0x0000007934000000,0x0000007934100000]
Native frames: (J=compiled Java code, j=interpreted, Vv=VM code, C=native code)
V  [jvm.dll+0x64135a]
V  [jvm.dll+0x7d39f9]
V  [jvm.dll+0x7d51b9]
V  [jvm.dll+0x7d58a3]
V  [jvm.dll+0x2691c5]
V  [jvm.dll+0x63e4e9]
V  [jvm.dll+0x632985]
V  [jvm.dll+0x3231ac]
V  [jvm.dll+0x323032]
V  [jvm.dll+0x327c06]
V  [jvm.dll+0x36ffa2]
V  [jvm.dll+0x36fa01]
V  [jvm.dll+0x2fea28]
V  [jvm.dll+0x2ffb25]
V  [jvm.dll+0x7accd7]
V  [jvm.dll+0x7ae49f]
V  [jvm.dll+0x37d299]
V  [jvm.dll+0x78ef9f]
V  [jvm.dll+0x3ec847]
V  [jvm.dll+0x3eed31]
C  [jli.dll+0x52cb]
C  [ucrtbase.dll+0x21bb2]
C  [KERNEL32.DLL+0x17604]
C  [ntdll.dll+0x526a1]


---------------  P R O C E S S  ---------------

Threads class SMR info:
_java_thread_list=0x0000021fa464e7c0, length=0, elements={
}

Java Threads: ( => current thread )

Other Threads:
  0x0000021fa477b800 GCTaskThread "GC Thread#0" [stack: 0x0000007934100000,0x0000007934200000] [id=15396]
  0x0000021fa47b2000 ConcurrentGCThread "G1 Main Marker" [stack: 0x0000007934200000,0x0000007934300000] [id=2996]
  0x0000021fa47b4000 ConcurrentGCThread "G1 Conc#0" [stack: 0x0000007934300000,0x0000007934400000] [id=1224]

[error occurred during error reporting (printing all threads), id 0xc0000005, EXCEPTION_ACCESS_VIOLATION (0xc0000005) at pc=0x00007ffa6867f3e7]

VM state:not at safepoint (not fully initialized)

VM Mutex/Monitor currently owned by a thread:  ([mutex/lock_event])
[0x0000021fa475e150] Heap_lock - owner thread: 0x0000021fa4761800

Heap address: 0x0000000081e00000, size: 2018 MB, Compressed Oops mode: Non-zero based: 0x0000000081e00000
Narrow klass base: 0x0000000000000000, Narrow klass shift: 0

GC Heap History (0 events):
No events

Deoptimization events (0 events):
No events

Classes redefined (0 events):
No events

Internal exceptions (0 events):
No events

Events (1 events):
Event: 0.023 Loaded shared library D:\AndroidFolder\Android Studio2\jbr\bin\zip.dll


Dynamic libraries:
0x00007ff74c4c0000 - 0x00007ff74c4ca000 	D:\AndroidFolder\Android Studio2\jbr\bin\java.exe
0x00007ffaf08b0000 - 0x00007ffaf0aa8000 	C:\WINDOWS\SYSTEM32\ntdll.dll
0x00007ffaeee20000 - 0x00007ffaeeedf000 	C:\WINDOWS\System32\KERNEL32.DLL
0x00007ffaedfc0000 - 0x00007ffaee29a000 	C:\WINDOWS\System32\KERNELBASE.dll
0x00007ffaee530000 - 0x00007ffaee630000 	C:\WINDOWS\System32\ucrtbase.dll
0x00007ffae25f0000 - 0x00007ffae2607000 	D:\AndroidFolder\Android Studio2\jbr\bin\jli.dll
0x00007ffaefdf0000 - 0x00007ffaeff8d000 	C:\WINDOWS\System32\USER32.dll
0x00007ffaee630000 - 0x00007ffaee652000 	C:\WINDOWS\System32\win32u.dll
0x00007ffaef630000 - 0x00007ffaef65b000 	C:\WINDOWS\System32\GDI32.dll
0x00007ffaee800000 - 0x00007ffaee910000 	C:\WINDOWS\System32\gdi32full.dll
0x00007ffaee490000 - 0x00007ffaee52d000 	C:\WINDOWS\System32\msvcp_win.dll
0x00007ffadc2e0000 - 0x00007ffadc2fb000 	D:\AndroidFolder\Android Studio2\jbr\bin\VCRUNTIME140.dll
0x00007ffad1320000 - 0x00007ffad15ba000 	C:\WINDOWS\WinSxS\amd64_microsoft.windows.common-controls_6595b64144ccf1df_6.0.19041.1110_none_60b5254171f9507e\COMCTL32.dll
0x00007ffaef660000 - 0x00007ffaef6fe000 	C:\WINDOWS\System32\msvcrt.dll
0x00007ffaefc50000 - 0x00007ffaefc80000 	C:\WINDOWS\System32\IMM32.DLL
0x00007ffae6830000 - 0x00007ffae683c000 	D:\AndroidFolder\Android Studio2\jbr\bin\vcruntime140_1.dll
0x00007ffab9720000 - 0x00007ffab97ad000 	D:\AndroidFolder\Android Studio2\jbr\bin\msvcp140.dll
0x00007ffa68370000 - 0x00007ffa68f2c000 	D:\AndroidFolder\Android Studio2\jbr\bin\server\jvm.dll
0x00007ffaf00c0000 - 0x00007ffaf016e000 	C:\WINDOWS\System32\ADVAPI32.dll
0x00007ffaee910000 - 0x00007ffaee9ac000 	C:\WINDOWS\System32\sechost.dll
0x00007ffaf04d0000 - 0x00007ffaf05f6000 	C:\WINDOWS\System32\RPCRT4.dll
0x00007ffaefc80000 - 0x00007ffaefc88000 	C:\WINDOWS\System32\PSAPI.DLL
0x00007ffae7c30000 - 0x00007ffae7c39000 	C:\WINDOWS\SYSTEM32\WSOCK32.dll
0x00007ffaf0600000 - 0x00007ffaf066b000 	C:\WINDOWS\System32\WS2_32.dll
0x00007ffae76c0000 - 0x00007ffae76ca000 	C:\WINDOWS\SYSTEM32\VERSION.dll
0x00007ffad2510000 - 0x00007ffad2537000 	C:\WINDOWS\SYSTEM32\WINMM.dll
0x00007ffaebed0000 - 0x00007ffaebee2000 	C:\WINDOWS\SYSTEM32\kernel.appcore.dll
0x00007ffade860000 - 0x00007ffade870000 	D:\AndroidFolder\Android Studio2\jbr\bin\verify.dll
0x00007ffaeb6c0000 - 0x00007ffaeb8a4000 	C:\WINDOWS\SYSTEM32\DBGHELP.DLL
0x00007ffad6a60000 - 0x00007ffad6a94000 	C:\WINDOWS\SYSTEM32\dbgcore.DLL
0x00007ffaee400000 - 0x00007ffaee482000 	C:\WINDOWS\System32\bcryptPrimitives.dll
0x00007ffadda10000 - 0x00007ffadda38000 	D:\AndroidFolder\Android Studio2\jbr\bin\java.dll
0x00007ffadd9e0000 - 0x00007ffadd9ea000 	D:\AndroidFolder\Android Studio2\jbr\bin\jimage.dll
0x00007ffadc6e0000 - 0x00007ffadc6f8000 	D:\AndroidFolder\Android Studio2\jbr\bin\zip.dll

dbghelp: loaded successfully - version: 4.0.5 - missing functions: none
symbol engine: initialized successfully - sym options: 0x614 - pdb path: .;D:\AndroidFolder\Android Studio2\jbr\bin;C:\WINDOWS\SYSTEM32;C:\WINDOWS\WinSxS\amd64_microsoft.windows.common-controls_6595b64144ccf1df_6.0.19041.1110_none_60b5254171f9507e;D:\AndroidFolder\Android Studio2\jbr\bin\server

VM Arguments:
java_command: git4idea.http.GitAskPassApp Username for 'https://github.com': 
java_class_path (initial): D:/AndroidFolder/Android Studio2/plugins/git4idea/lib/git4idea-rt.jar;D:/AndroidFolder/Android Studio2/lib/externalProcess-rt.jar;D:/AndroidFolder/Android Studio2/lib/app.jar;D:/AndroidFolder/Android Studio2/lib/3rd-party-rt.jar
Launcher Type: SUN_STANDARD

[Global flags]
     intx CICompilerCount                          = 3                                         {product} {ergonomic}
     uint ConcGCThreads                            = 1                                         {product} {ergonomic}
     uint G1ConcRefinementThreads                  = 4                                         {product} {ergonomic}
   size_t G1HeapRegionSize                         = 1048576                                   {product} {ergonomic}
    uintx GCDrainStackTargetSize                   = 64                                        {product} {ergonomic}
   size_t InitialHeapSize                          = 134217728                                 {product} {ergonomic}
   size_t MarkStackSize                            = 4194304                                   {product} {ergonomic}
   size_t MaxHeapSize                              = 2116026368                                {product} {ergonomic}
   size_t MinHeapDeltaBytes                        = 1048576                                   {product} {ergonomic}
    uintx NonNMethodCodeHeapSize                   = 5830732                                {pd product} {ergonomic}
    uintx NonProfiledCodeHeapSize                  = 122913754                              {pd product} {ergonomic}
    uintx ProfiledCodeHeapSize                     = 122913754                              {pd product} {ergonomic}
    uintx ReservedCodeCacheSize                    = 251658240                              {pd product} {ergonomic}
     bool SegmentedCodeCache                       = true                                      {product} {ergonomic}
     bool UseCompressedClassPointers               = true                                 {lp64_product} {ergonomic}
     bool UseCompressedOops                        = true                                 {lp64_product} {ergonomic}
     bool UseG1GC                                  = true                                      {product} {ergonomic}
     bool UseLargePagesIndividualAllocation        = false                                  {pd product} {ergonomic}

Logging:
Log output configuration:
 #0: stdout all=warning uptime,level,tags
 #1: stderr all=off uptime,level,tags

Environment Variables:
PATH=C:\Program Files\Git\mingw64\libexec\git-core;C:\Program Files\Git\mingw64\libexec\git-core;C:\Program Files\Git\mingw64\bin;C:\Program Files\Git\usr\bin;C:\Users\asus\bin;C:\Program Files\Common Files\Oracle\Java\javapath;C:\WINDOWS\system32;C:\WINDOWS;C:\WINDOWS\System32\Wbem;C:\WINDOWS\System32\WindowsPowerShell\v1.0;C:\WINDOWS\System32\OpenSSH;C:\Program Files\dotnet;C:\Program Files\Git\cmd;C:\Users\asus\AppData\Local\Programs\Python\Python310\Scripts;C:\Users\asus\AppData\Local\Programs\Python\Python310;C:\Users\asus\AppData\Local\Microsoft\WindowsApps;C:\Users\asus\AppData\Local\Programs\Microsoft VS Code\bin;C:\Users\asus\.dotnet\tools
USERNAME=asus
DISPLAY=:0.0
LC_ALL=en_US.UTF-8
OS=Windows_NT
PROCESSOR_IDENTIFIER=Intel64 Family 6 Model 142 Stepping 9, GenuineIntel



---------------  S Y S T E M  ---------------

OS: Windows 10 , 64 bit Build 19041 (10.0.19041.2788)
OS uptime: 7 days 22:39 hours

CPU:total 4 (initial active 4) (2 cores per cpu, 2 threads per core) family 6 model 142 stepping 9 microcode 0xb4, cmov, cx8, fxsr, mmx, sse, sse2, sse3, ssse3, sse4.1, sse4.2, popcnt, avx, avx2, aes, clmul, erms, 3dnowpref, lzcnt, ht, tsc, tscinvbit, bmi1, bmi2, adx, fma

Memory: 4k page, system-wide physical 8071M (592M free)
TotalPageFile size 12167M (AvailPageFile size 49M)
current process WorkingSet (physical memory assigned to process): 10M, peak: 10M
current process commit charge ("private bytes"): 51M, peak: 179M

vm_info: OpenJDK 64-Bit Server VM (11.0.15+0-b2043.56-9505619) for windows-amd64 JRE (11.0.15+0-b2043.56-9505619), built on Jan 19 2023 02:48:00 by "builduser" with unknown MS VC++:1929

END.
